<?xml version="1.0" encoding="UTF-8"?>
<testsuites name="BEP" time="2537" tests="7" failures="2" errors="0">
   <testsuite name="BEP" tests="7" failures="2" errors="0" time="2537" timestamp="2017-10-31 17:52:06" hostname="nipin - L22622WUS.rpega.com" id="Test Suites/BID/BEP">
      <properties>
         <property name="deviceName" value=""/>
         <property name="devicePlatform" value=""/>
         <property name="logFolder" value="C:\\Users\\nipin\\Katalon Studio\\COE\\Reports\\BID\\BEP\\20171031_175203"/>
         <property name="logFiles" value="C:\\Users\\nipin\\Katalon Studio\\COE\\Reports\\BID\\BEP\\20171031_175203\\execution0.log"/>
         <property name="attachments" value="C:\\Users\\nipin\\Katalon Studio\\COE\\Reports\\BID\\BEP\\20171031_175203\\1509488155330.png"/>
         <property name="hostName" value="nipin - L22622WUS.rpega.com"/>
         <property name="os" value="Windows 7 64bit"/>
         <property name="katalonVersion" value="5.0.0.1"/>
         <property name="browser" value="Chrome 61.0.3163.100"/>
         <property name="hostAddress" value="10.224.203.190"/>
         <property name="sessionId" value="474ef4d51b8650fab265997f0e3daf45"/>
         <property name="seleniumVersion" value="2.53.0"/>
         <property name="proxyInformation" value="ProxyInformation{proxyOption=NO_PROXY, proxyServerType=HTTP, password=, proxyServerAddress=, proxyServerPort=0}"/>
         <property name="platform" value="Windows 7"/>
      </properties>
      <testcase name="Test Cases/BEP/TC_CreateBEP_EmailOutput_SendEmail_CreateECR" classname="Test Cases/BEP/TC_CreateBEP_EmailOutput_SendEmail_CreateECR" status="PASSED">
         <system-out><![CDATA[2017-10-31 17:52:06 - [TEST_CASE][PASSED] - Test Cases/BEP/TC_CreateBEP_EmailOutput_SendEmail_CreateECR: Test Cases/BEP/TC_CreateBEP_EmailOutput_SendEmail_CreateECR

2017-10-31 17:52:07 - [TEST_STEP][PASSED] - callTestCase: Call Test Case 'Test Cases/BEP/TC_Create_BEP_EmailOutput' successfully

2017-10-31 17:52:07 - [TEST_CASE][PASSED] - Test Cases/BEP/TC_Create_BEP_EmailOutput: Test Cases/BEP/TC_Create_BEP_EmailOutput

2017-10-31 17:52:07 - [TEST_STEP][PASSED] - com.helper.commonfunct.utilities.login: com.helper.commonfunct.utilities.login is PASSED

2017-10-31 17:52:11 - [MESSAGE][PASSED] - Browser is opened with url: ''

2017-10-31 17:52:15 - [MESSAGE][PASSED] - Navigate to 'http://vtcpqa2:9685/tcpqa/PRServlet' successfully

2017-10-31 17:52:15 - [MESSAGE][PASSED] - Text 'hendj@pegasystems.com' is set on object 'Object Repository/input_UserIdentifier'

2017-10-31 17:52:16 - [MESSAGE][PASSED] - Text 'install' is set on object 'Object Repository/input_Password'

2017-10-31 17:52:33 - [MESSAGE][PASSED] - Keys 'ENTER + ' sent to object: 'Object Repository/input_Password'

2017-10-31 17:52:33 - [MESSAGE][PASSED] - com.helper.commonfunct.utilities.login is PASSED

2017-10-31 17:52:33 - [TEST_STEP][PASSED] - click: Object: 'Object Repository/Generic/a_Actions' is clicked on

2017-10-31 17:52:33 - [MESSAGE][PASSED] - Object: 'Object Repository/Generic/a_Actions' is clicked on

2017-10-31 17:52:33 - [TEST_STEP][PASSED] - focus: Object: 'Object Repository/span_New' is focused

2017-10-31 17:52:41 - [MESSAGE][PASSED] - Object: 'Object Repository/span_New' is focused

2017-10-31 17:52:41 - [TEST_STEP][PASSED] - click: Object: 'Object Repository/BEP/EstimateLink' is clicked on

2017-10-31 17:52:47 - [MESSAGE][PASSED] - Object: 'Object Repository/BEP/EstimateLink' is clicked on

2017-10-31 17:52:47 - [TEST_STEP][PASSED] - switchToFrame: Switched to iframe: 'Object Repository/FRAME1'

2017-10-31 17:52:48 - [TEST_STEP][PASSED] - com.helper.commonfunct.BEP_CommonMethod.BEPImport: com.helper.commonfunct.BEP_CommonMethod.BEPImport is PASSED

2017-10-31 17:52:52 - [MESSAGE][PASSED] - Delayed 4 second(s)

2017-10-31 17:52:52 - [MESSAGE][WARNING] - Timeout '0' is invalid. Using default page load timeout: '30'

2017-10-31 17:52:52 - [MESSAGE][PASSED] - Object 'Object Repository/BEP/import' is visible

2017-10-31 17:52:52 - [MESSAGE][PASSED] - Object: 'Object Repository/BEP/import' is clicked on

2017-10-31 17:52:56 - [MESSAGE][PASSED] - Delayed 4 second(s)

2017-10-31 17:52:56 - [MESSAGE][PASSED] - File 'C:\\EStimate.xlsm' sent to object: 'Object Repository/input_PpyWorkPageppyFilePath'

2017-10-31 17:53:00 - [MESSAGE][PASSED] - Delayed 4 second(s)

2017-10-31 17:53:00 - [MESSAGE][PASSED] - Object: 'Object Repository/button_Submit' is clicked on

2017-10-31 17:53:00 - [MESSAGE][PASSED] - com.helper.commonfunct.BEP_CommonMethod.BEPImport is PASSED

2017-10-31 17:53:00 - [TEST_STEP][PASSED] - delay: Delayed 8 second(s)

2017-10-31 17:53:08 - [MESSAGE][PASSED] - Delayed 8 second(s)

2017-10-31 17:53:08 - [TEST_STEP][PASSED] - setText: Text 'BOFA' is set on object 'Object Repository/Generic/ORG'

2017-10-31 17:53:09 - [MESSAGE][PASSED] - Text 'BOFA' is set on object 'Object Repository/Generic/ORG'

2017-10-31 17:53:09 - [TEST_STEP][PASSED] - delay: Delayed 4 second(s)

2017-10-31 17:53:13 - [MESSAGE][PASSED] - Delayed 4 second(s)

2017-10-31 17:53:13 - [TEST_STEP][PASSED] - sendKeys: Keys 'TAB + ' sent to object: 'Object Repository/Generic/ORG'

2017-10-31 17:53:13 - [MESSAGE][PASSED] - Keys 'TAB + ' sent to object: 'Object Repository/Generic/ORG'

2017-10-31 17:53:13 - [TEST_STEP][PASSED] - delay: Delayed 5 second(s)

2017-10-31 17:53:18 - [MESSAGE][PASSED] - Delayed 5 second(s)

2017-10-31 17:53:18 - [TEST_STEP][PASSED] - setText: Text 'BOFA' is set on object 'Object Repository/Generic/ACC'

2017-10-31 17:53:18 - [MESSAGE][PASSED] - Text 'BOFA' is set on object 'Object Repository/Generic/ACC'

2017-10-31 17:53:18 - [TEST_STEP][PASSED] - delay: Delayed 5 second(s)

2017-10-31 17:53:23 - [MESSAGE][PASSED] - Delayed 5 second(s)

2017-10-31 17:53:23 - [TEST_STEP][PASSED] - sendKeys: Keys 'TAB + ' sent to object: 'Object Repository/Generic/ACC'

2017-10-31 17:53:23 - [MESSAGE][PASSED] - Keys 'TAB + ' sent to object: 'Object Repository/Generic/ACC'

2017-10-31 17:53:23 - [TEST_STEP][PASSED] - delay: Delayed 5 second(s)

2017-10-31 17:53:28 - [MESSAGE][PASSED] - Delayed 5 second(s)

2017-10-31 17:53:28 - [TEST_STEP][PASSED] - setText: Text 'AUTOTEST1' is set on object 'Object Repository/Generic/ENG_DESC'

2017-10-31 17:53:29 - [MESSAGE][PASSED] - Text 'AUTOTEST1' is set on object 'Object Repository/Generic/ENG_DESC'

2017-10-31 17:53:29 - [TEST_STEP][PASSED] - delay: Delayed 5 second(s)

2017-10-31 17:53:34 - [MESSAGE][PASSED] - Delayed 5 second(s)

2017-10-31 17:53:34 - [TEST_STEP][PASSED] - click: Object: 'Object Repository/Generic/PlatformID' is clicked on

2017-10-31 17:53:34 - [MESSAGE][PASSED] - Object: 'Object Repository/Generic/PlatformID' is clicked on

2017-10-31 17:53:34 - [TEST_STEP][PASSED] - delay: Delayed 2 second(s)

2017-10-31 17:53:36 - [MESSAGE][PASSED] - Delayed 2 second(s)

2017-10-31 17:53:36 - [TEST_STEP][PASSED] - sendKeys: Keys 'Accessibility' sent to object: 'Object Repository/Generic/PlatformID'

2017-10-31 17:53:36 - [MESSAGE][PASSED] - Keys 'Accessibility' sent to object: 'Object Repository/Generic/PlatformID'

2017-10-31 17:53:36 - [TEST_STEP][PASSED] - delay: Delayed 5 second(s)

2017-10-31 17:53:41 - [MESSAGE][PASSED] - Delayed 5 second(s)

2017-10-31 17:53:41 - [TEST_STEP][PASSED] - click: Object: 'Object Repository/Generic/PlatformVersion' is clicked on

2017-10-31 17:53:41 - [MESSAGE][PASSED] - Object: 'Object Repository/Generic/PlatformVersion' is clicked on

2017-10-31 17:53:41 - [TEST_STEP][PASSED] - delay: Delayed 5 second(s)

2017-10-31 17:53:46 - [MESSAGE][PASSED] - Delayed 5 second(s)

2017-10-31 17:53:46 - [TEST_STEP][PASSED] - sendKeys: Keys 'Accessibility Framework' sent to object: 'Object Repository/Generic/PlatformVersion'

2017-10-31 17:53:46 - [MESSAGE][PASSED] - Keys 'Accessibility Framework' sent to object: 'Object Repository/Generic/PlatformVersion'

2017-10-31 17:53:47 - [TEST_STEP][PASSED] - delay: Delayed 3 second(s)

2017-10-31 17:53:50 - [MESSAGE][PASSED] - Delayed 3 second(s)

2017-10-31 17:53:50 - [TEST_STEP][PASSED] - scrollToElement: Scroll to object 'Object Repository/BEP/MorethanOneRLSNO' successfully

2017-10-31 17:53:50 - [MESSAGE][PASSED] - Scroll to object 'Object Repository/BEP/MorethanOneRLSNO' successfully

2017-10-31 17:53:50 - [TEST_STEP][PASSED] - click: Object: 'Object Repository/BEP/MorethanOneRLSNO' is clicked on

2017-10-31 17:53:50 - [MESSAGE][PASSED] - Object: 'Object Repository/BEP/MorethanOneRLSNO' is clicked on

2017-10-31 17:53:50 - [TEST_STEP][PASSED] - delay: Delayed 3 second(s)

2017-10-31 17:53:53 - [MESSAGE][PASSED] - Delayed 3 second(s)

2017-10-31 17:53:53 - [TEST_STEP][PASSED] - click: Object: 'Object Repository/Generic/PlatformTrue' is clicked on

2017-10-31 17:53:53 - [MESSAGE][PASSED] - Object: 'Object Repository/Generic/PlatformTrue' is clicked on

2017-10-31 17:53:53 - [TEST_STEP][PASSED] - delay: Delayed 3 second(s)

2017-10-31 17:53:56 - [MESSAGE][PASSED] - Delayed 3 second(s)

2017-10-31 17:53:56 - [TEST_STEP][PASSED] - scrollToElement: Scroll to object 'Object Repository/NEXT_BUTTON' successfully

2017-10-31 17:53:56 - [MESSAGE][PASSED] - Scroll to object 'Object Repository/NEXT_BUTTON' successfully

2017-10-31 17:53:56 - [TEST_STEP][PASSED] - click: Object: 'Object Repository/NEXT_BUTTON' is clicked on

2017-10-31 17:53:56 - [MESSAGE][PASSED] - Object: 'Object Repository/NEXT_BUTTON' is clicked on

2017-10-31 17:53:56 - [TEST_STEP][PASSED] - setText: Text '12' is set on object 'Object Repository/BEP/DurationLow'

2017-10-31 17:54:01 - [MESSAGE][PASSED] - Text '12' is set on object 'Object Repository/BEP/DurationLow'

2017-10-31 17:54:01 - [TEST_STEP][PASSED] - delay: Delayed 4 second(s)

2017-10-31 17:54:05 - [MESSAGE][PASSED] - Delayed 4 second(s)

2017-10-31 17:54:05 - [TEST_STEP][PASSED] - sendKeys: Keys 'TAB + ' sent to object: 'Object Repository/BEP/DurationLow'

2017-10-31 17:54:05 - [MESSAGE][PASSED] - Keys 'TAB + ' sent to object: 'Object Repository/BEP/DurationLow'

2017-10-31 17:54:05 - [TEST_STEP][PASSED] - delay: Delayed 5 second(s)

2017-10-31 17:54:10 - [MESSAGE][PASSED] - Delayed 5 second(s)

2017-10-31 17:54:10 - [TEST_STEP][PASSED] - setText: Text '12' is set on object 'Object Repository/BEP/DurationHigh'

2017-10-31 17:54:10 - [MESSAGE][PASSED] - Text '12' is set on object 'Object Repository/BEP/DurationHigh'

2017-10-31 17:54:10 - [TEST_STEP][PASSED] - delay: Delayed 5 second(s)

2017-10-31 17:54:15 - [MESSAGE][PASSED] - Delayed 5 second(s)

2017-10-31 17:54:15 - [TEST_STEP][PASSED] - sendKeys: Keys 'TAB + ' sent to object: 'Object Repository/BEP/DurationHigh'

2017-10-31 17:54:15 - [MESSAGE][PASSED] - Keys 'TAB + ' sent to object: 'Object Repository/BEP/DurationHigh'

2017-10-31 17:54:15 - [TEST_STEP][PASSED] - delay: Delayed 5 second(s)

2017-10-31 17:54:20 - [MESSAGE][PASSED] - Delayed 5 second(s)

2017-10-31 17:54:20 - [TEST_STEP][PASSED] - setText: Text '12' is set on object 'Object Repository/BEP/PartnerHoursLow'

2017-10-31 17:54:20 - [MESSAGE][PASSED] - Text '12' is set on object 'Object Repository/BEP/PartnerHoursLow'

2017-10-31 17:54:20 - [TEST_STEP][PASSED] - delay: Delayed 4 second(s)

2017-10-31 17:54:24 - [MESSAGE][PASSED] - Delayed 4 second(s)

2017-10-31 17:54:24 - [TEST_STEP][PASSED] - sendKeys: Keys 'TAB + ' sent to object: 'Object Repository/BEP/PartnerHoursLow'

2017-10-31 17:54:24 - [MESSAGE][PASSED] - Keys 'TAB + ' sent to object: 'Object Repository/BEP/PartnerHoursLow'

2017-10-31 17:54:24 - [TEST_STEP][PASSED] - delay: Delayed 4 second(s)

2017-10-31 17:54:28 - [MESSAGE][PASSED] - Delayed 4 second(s)

2017-10-31 17:54:28 - [TEST_STEP][PASSED] - setText: Text '12' is set on object 'Object Repository/BEP/PartnerHoursHigh'

2017-10-31 17:54:29 - [MESSAGE][PASSED] - Text '12' is set on object 'Object Repository/BEP/PartnerHoursHigh'

2017-10-31 17:54:29 - [TEST_STEP][PASSED] - delay: Delayed 5 second(s)

2017-10-31 17:54:34 - [MESSAGE][PASSED] - Delayed 5 second(s)

2017-10-31 17:54:34 - [TEST_STEP][PASSED] - click: Object: 'Object Repository/BEP/EstimationMethod' is clicked on

2017-10-31 17:54:34 - [MESSAGE][PASSED] - Object: 'Object Repository/BEP/EstimationMethod' is clicked on

2017-10-31 17:54:34 - [TEST_STEP][PASSED] - delay: Delayed 5 second(s)

2017-10-31 17:54:39 - [MESSAGE][PASSED] - Delayed 5 second(s)

2017-10-31 17:54:39 - [TEST_STEP][PASSED] - sendKeys: Keys 'BSW' sent to object: 'Object Repository/BEP/EstimationMethod'

2017-10-31 17:54:39 - [MESSAGE][PASSED] - Keys 'BSW' sent to object: 'Object Repository/BEP/EstimationMethod'

2017-10-31 17:54:39 - [TEST_STEP][PASSED] - delay: Delayed 4 second(s)

2017-10-31 17:54:43 - [MESSAGE][PASSED] - Delayed 4 second(s)

2017-10-31 17:54:43 - [TEST_STEP][PASSED] - click: Object: 'Object Repository/BEP/routeToRL' is clicked on

2017-10-31 17:54:43 - [MESSAGE][PASSED] - Object: 'Object Repository/BEP/routeToRL' is clicked on

2017-10-31 17:54:43 - [TEST_STEP][PASSED] - delay: Delayed 2 second(s)

2017-10-31 17:54:45 - [MESSAGE][PASSED] - Delayed 2 second(s)

2017-10-31 17:54:45 - [TEST_STEP][PASSED] - scrollToElement: Scroll to object 'Object Repository/NEXT_BUTTON' successfully

2017-10-31 17:54:45 - [MESSAGE][PASSED] - Scroll to object 'Object Repository/NEXT_BUTTON' successfully

2017-10-31 17:54:45 - [TEST_STEP][PASSED] - click: Object: 'Object Repository/NEXT_BUTTON' is clicked on

2017-10-31 17:54:46 - [MESSAGE][PASSED] - Object: 'Object Repository/NEXT_BUTTON' is clicked on

2017-10-31 17:54:46 - [TEST_STEP][PASSED] - delay: Delayed 2 second(s)

2017-10-31 17:54:48 - [MESSAGE][PASSED] - Delayed 2 second(s)

2017-10-31 17:54:48 - [TEST_STEP][PASSED] - click: Object: 'Object Repository/BEP/BEPOutputEmail' is clicked on

2017-10-31 17:54:48 - [MESSAGE][PASSED] - Object: 'Object Repository/BEP/BEPOutputEmail' is clicked on

2017-10-31 17:54:48 - [TEST_STEP][PASSED] - delay: Delayed 3 second(s)

2017-10-31 17:54:51 - [MESSAGE][PASSED] - Delayed 3 second(s)

2017-10-31 17:54:51 - [TEST_STEP][PASSED] - click: Object: 'Object Repository/BEP/RECEIPIENT' is clicked on

2017-10-31 17:54:51 - [MESSAGE][PASSED] - Object: 'Object Repository/BEP/RECEIPIENT' is clicked on

2017-10-31 17:54:51 - [TEST_STEP][PASSED] - delay: Delayed 3 second(s)

2017-10-31 17:54:54 - [MESSAGE][PASSED] - Delayed 3 second(s)

2017-10-31 17:54:54 - [TEST_STEP][PASSED] - click: Object: 'Object Repository/BEP/AddEmailID' is clicked on

2017-10-31 17:54:54 - [MESSAGE][PASSED] - Object: 'Object Repository/BEP/AddEmailID' is clicked on

2017-10-31 17:54:54 - [TEST_STEP][PASSED] - delay: Delayed 2 second(s)

2017-10-31 17:54:56 - [MESSAGE][PASSED] - Delayed 2 second(s)

2017-10-31 17:54:56 - [TEST_STEP][PASSED] - sendKeys: Keys 'nagaveni.nipinale@in.pega.com' sent to object: 'Object Repository/BEP/MAILID_XPATH'

2017-10-31 17:54:56 - [MESSAGE][PASSED] - Keys 'nagaveni.nipinale@in.pega.com' sent to object: 'Object Repository/BEP/MAILID_XPATH'

2017-10-31 17:54:56 - [TEST_STEP][PASSED] - delay: Delayed 3 second(s)

2017-10-31 17:54:59 - [MESSAGE][PASSED] - Delayed 3 second(s)

2017-10-31 17:54:59 - [TEST_STEP][PASSED] - click: Object: 'Object Repository/BEP/modal_submit' is clicked on

2017-10-31 17:55:00 - [MESSAGE][PASSED] - Object: 'Object Repository/BEP/modal_submit' is clicked on

2017-10-31 17:55:00 - [TEST_STEP][PASSED] - delay: Delayed 3 second(s)

2017-10-31 17:55:03 - [MESSAGE][PASSED] - Delayed 3 second(s)

2017-10-31 17:55:03 - [TEST_STEP][PASSED] - sendKeys: Keys 'Test Automation' sent to object: 'Object Repository/BEP/Email_Subject'

2017-10-31 17:55:03 - [MESSAGE][PASSED] - Keys 'Test Automation' sent to object: 'Object Repository/BEP/Email_Subject'

2017-10-31 17:55:03 - [TEST_STEP][PASSED] - scrollToElement: Scroll to object 'Object Repository/NEXT_BUTTON' successfully

2017-10-31 17:55:03 - [MESSAGE][PASSED] - Scroll to object 'Object Repository/NEXT_BUTTON' successfully

2017-10-31 17:55:03 - [TEST_STEP][PASSED] - click: Object: 'Object Repository/NEXT_BUTTON' is clicked on

2017-10-31 17:55:03 - [MESSAGE][PASSED] - Object: 'Object Repository/NEXT_BUTTON' is clicked on

2017-10-31 17:55:03 - [TEST_STEP][PASSED] - delay: Delayed 3 second(s)

2017-10-31 17:55:06 - [MESSAGE][PASSED] - Delayed 3 second(s)

2017-10-31 17:55:06 - [TEST_STEP][PASSED] - scrollToElement: Scroll to object 'Object Repository/Generic/FINISH_BUTTON' successfully

2017-10-31 17:55:07 - [MESSAGE][PASSED] - Scroll to object 'Object Repository/Generic/FINISH_BUTTON' successfully

2017-10-31 17:55:07 - [TEST_STEP][PASSED] - click: Object: 'Object Repository/Generic/FINISH_BUTTON' is clicked on

2017-10-31 17:55:07 - [MESSAGE][PASSED] - Object: 'Object Repository/Generic/FINISH_BUTTON' is clicked on

2017-10-31 17:55:07 - [TEST_STEP][PASSED] - com.helper.commonfunct.BEP_CommonMethod.woid: com.helper.commonfunct.BEP_CommonMethod.woid is PASSED

2017-10-31 17:55:07 - [MESSAGE][PASSED] - Text of object 'Object Repository/BEP/BEPWOID' is: 'BEP-31Oct2017-28'

2017-10-31 17:55:07 - [MESSAGE][PASSED] - com.helper.commonfunct.BEP_CommonMethod.woid is PASSED

2017-10-31 17:55:07 - [TEST_STEP][PASSED] - com.helper.commonfunct.BEP_CommonMethod.WOstatus: com.helper.commonfunct.BEP_CommonMethod.WOstatus is PASSED

2017-10-31 17:55:12 - [MESSAGE][PASSED] - Text of object 'Object Repository/BEP/WOSTATUS' is: 'Pending-RDApproval'

2017-10-31 17:55:12 - [MESSAGE][PASSED] - com.helper.commonfunct.BEP_CommonMethod.WOstatus is PASSED

2017-10-31 17:55:12 - [TEST_STEP][PASSED] - delay: Delayed 3 second(s)

2017-10-31 17:55:15 - [MESSAGE][PASSED] - Delayed 3 second(s)

2017-10-31 17:55:15 - [MESSAGE][PASSED] - Call Test Case 'Test Cases/BEP/TC_Create_BEP_EmailOutput' successfully

2017-10-31 17:55:15 - [TEST_STEP][PASSED] - Statement - SendEmail = true: null

2017-10-31 17:55:15 - [TEST_STEP][PASSED] - Statement - CreateECR = true: null

2017-10-31 17:55:15 - [TEST_STEP][PASSED] - callTestCase: Call Test Case 'Test Cases/BEP/All_Approval_Reject' successfully

2017-10-31 17:55:15 - [TEST_CASE][PASSED] - Test Cases/BEP/All_Approval_Reject: Test Cases/BEP/All_Approval_Reject

2017-10-31 17:55:15 - [TEST_STEP][PASSED] - Statement - While (WOSTATUS.contains("Pending")): com.helper.commonfunct.utilities.WOstatus is PASSED

2017-10-31 17:55:15 - [TEST_STEP][PASSED] - Statement - For ([j = 0, j < AssignmentList.size(), (j++)]): com.helper.commonfunct.utilities.WOstatus is PASSED

2017-10-31 17:55:15 - [TEST_STEP][PASSED] - Statement - Status = text: null

2017-10-31 17:55:15 - [TEST_STEP][PASSED] - Statement - println(Status): null

2017-10-31 17:55:15 - [TEST_STEP][PASSED] - Statement - If (WOSTATUS == "Pending-RDApproval"): com.helper.commonfunct.utilities.WOstatus is PASSED

2017-10-31 17:55:15 - [TEST_STEP][PASSED] - Statement - If (RDReject == false): com.helper.commonfunct.utilities.WOstatus is PASSED

2017-10-31 17:55:15 - [TEST_STEP][PASSED] - Statement - If (RouteToRL == true): com.helper.commonfunct.utilities.WOstatus is PASSED

2017-10-31 17:55:15 - [TEST_STEP][PASSED] - com.helper.commonfunct.utilities.login: com.helper.commonfunct.utilities.login is PASSED

2017-10-31 17:55:15 - [MESSAGE][WARNING] - A browser is already opened. Closing browser and opening a new one

2017-10-31 17:55:19 - [MESSAGE][PASSED] - Browser is opened with url: ''

2017-10-31 17:55:23 - [MESSAGE][PASSED] - Navigate to 'http://vtcpqa2:9685/tcpqa/PRServlet' successfully

2017-10-31 17:55:23 - [MESSAGE][PASSED] - Text 'ellia@pegasystems.com' is set on object 'Object Repository/input_UserIdentifier'

2017-10-31 17:55:23 - [MESSAGE][PASSED] - Text 'install' is set on object 'Object Repository/input_Password'

2017-10-31 17:55:42 - [MESSAGE][PASSED] - Keys 'ENTER + ' sent to object: 'Object Repository/input_Password'

2017-10-31 17:55:42 - [MESSAGE][PASSED] - com.helper.commonfunct.utilities.login is PASSED

2017-10-31 17:55:42 - [TEST_STEP][PASSED] - com.helper.commonfunct.utilities.search: com.helper.commonfunct.utilities.search is PASSED

2017-10-31 17:55:43 - [MESSAGE][PASSED] - Current window maximized

2017-10-31 17:55:46 - [MESSAGE][PASSED] - Delayed 3 second(s)

2017-10-31 17:55:47 - [MESSAGE][PASSED] - Text 'BEP-31Oct2017-28' is set on object 'Object Repository/EngInfo/search'

2017-10-31 17:55:49 - [MESSAGE][PASSED] - Delayed 2 second(s)

2017-10-31 17:55:49 - [MESSAGE][PASSED] - Keys 'ENTER + ' sent to object: 'Object Repository/EngInfo/search'

2017-10-31 17:55:52 - [MESSAGE][PASSED] - Delayed 3 second(s)

2017-10-31 17:55:52 - [MESSAGE][PASSED] - com.helper.commonfunct.utilities.search is PASSED

2017-10-31 17:55:52 - [TEST_STEP][PASSED] - com.helper.commonfunct.BEP_CommonMethod.RDapprove: com.helper.commonfunct.BEP_CommonMethod.RDapprove is PASSED

2017-10-31 17:55:55 - [MESSAGE][PASSED] - Delayed 3 second(s)

2017-10-31 17:55:55 - [MESSAGE][WARNING] - Timeout '0' is invalid. Using default page load timeout: '30'

2017-10-31 17:56:03 - [MESSAGE][PASSED] - Object: 'Object Repository/BEP/RDLink' is clicked on

2017-10-31 17:56:06 - [MESSAGE][PASSED] - Delayed 3 second(s)

2017-10-31 17:56:06 - [MESSAGE][PASSED] - Scroll to object 'Object Repository/NEXT_BUTTON' successfully

2017-10-31 17:56:07 - [MESSAGE][PASSED] - Object: 'Object Repository/NEXT_BUTTON' is clicked on

2017-10-31 17:56:10 - [MESSAGE][PASSED] - Delayed 3 second(s)

2017-10-31 17:56:10 - [MESSAGE][WARNING] - Timeout '0' is invalid. Using default page load timeout: '30'

2017-10-31 17:56:12 - [MESSAGE][PASSED] - Scroll to object 'Object Repository/BEP/RD_RLApprove' successfully

2017-10-31 17:56:12 - [MESSAGE][PASSED] - Object: 'Object Repository/BEP/RD_RLApprove' is clicked on

2017-10-31 17:56:15 - [MESSAGE][PASSED] - Delayed 3 second(s)

2017-10-31 17:56:16 - [MESSAGE][PASSED] - Text 'Testing' is set on object 'Object Repository/BEP/BEP_CASENOTES'

2017-10-31 17:56:19 - [MESSAGE][PASSED] - Delayed 3 second(s)

2017-10-31 17:56:19 - [MESSAGE][WARNING] - Timeout '0' is invalid. Using default page load timeout: '30'

2017-10-31 17:56:19 - [MESSAGE][PASSED] - Scroll to object 'Object Repository/BEP/FINISH_ASSIGNMENT' successfully

2017-10-31 17:56:19 - [MESSAGE][PASSED] - Object: 'Object Repository/BEP/FINISH_ASSIGNMENT' is clicked on

2017-10-31 17:56:22 - [MESSAGE][PASSED] - Delayed 3 second(s)

2017-10-31 17:56:22 - [MESSAGE][PASSED] - com.helper.commonfunct.BEP_CommonMethod.RDapprove is PASSED

2017-10-31 17:56:22 - [TEST_STEP][PASSED] - com.helper.commonfunct.utilities.WOstatus: com.helper.commonfunct.utilities.WOstatus is PASSED

2017-10-31 17:56:31 - [MESSAGE][PASSED] - Text of object 'Object Repository/ECR/WOSTATUS' is: 'Pending-RLApproval'

2017-10-31 17:56:31 - [MESSAGE][PASSED] - com.helper.commonfunct.utilities.WOstatus is PASSED

2017-10-31 17:56:31 - [TEST_STEP][PASSED] - Statement - Status = text: null

2017-10-31 17:56:31 - [TEST_STEP][PASSED] - Statement - println(Status): null

2017-10-31 17:56:31 - [TEST_STEP][PASSED] - Statement - If (WOSTATUS == "Pending-RDApproval"): null

2017-10-31 17:56:31 - [TEST_STEP][PASSED] - Statement - Else If (WOSTATUS == "Pending-RLApproval"): com.helper.commonfunct.utilities.WOstatus is PASSED

2017-10-31 17:56:31 - [TEST_STEP][PASSED] - Statement - If (RLReject == false): com.helper.commonfunct.utilities.WOstatus is PASSED

2017-10-31 17:56:31 - [TEST_STEP][PASSED] - com.helper.commonfunct.utilities.login: com.helper.commonfunct.utilities.login is PASSED

2017-10-31 17:56:31 - [MESSAGE][WARNING] - A browser is already opened. Closing browser and opening a new one

2017-10-31 17:56:34 - [MESSAGE][PASSED] - Browser is opened with url: ''

2017-10-31 17:56:38 - [MESSAGE][PASSED] - Navigate to 'http://vtcpqa2:9685/tcpqa/PRServlet' successfully

2017-10-31 17:56:39 - [MESSAGE][PASSED] - Text 'panee@pegasystems.com' is set on object 'Object Repository/input_UserIdentifier'

2017-10-31 17:56:39 - [MESSAGE][PASSED] - Text 'install' is set on object 'Object Repository/input_Password'

2017-10-31 17:56:49 - [MESSAGE][PASSED] - Keys 'ENTER + ' sent to object: 'Object Repository/input_Password'

2017-10-31 17:56:49 - [MESSAGE][PASSED] - com.helper.commonfunct.utilities.login is PASSED

2017-10-31 17:56:49 - [TEST_STEP][PASSED] - com.helper.commonfunct.utilities.search: com.helper.commonfunct.utilities.search is PASSED

2017-10-31 17:56:51 - [MESSAGE][PASSED] - Current window maximized

2017-10-31 17:56:54 - [MESSAGE][PASSED] - Delayed 3 second(s)

2017-10-31 17:56:54 - [MESSAGE][PASSED] - Text 'BEP-31Oct2017-28' is set on object 'Object Repository/EngInfo/search'

2017-10-31 17:56:56 - [MESSAGE][PASSED] - Delayed 2 second(s)

2017-10-31 17:56:56 - [MESSAGE][PASSED] - Keys 'ENTER + ' sent to object: 'Object Repository/EngInfo/search'

2017-10-31 17:56:59 - [MESSAGE][PASSED] - Delayed 3 second(s)

2017-10-31 17:56:59 - [MESSAGE][PASSED] - com.helper.commonfunct.utilities.search is PASSED

2017-10-31 17:56:59 - [TEST_STEP][PASSED] - com.helper.commonfunct.BEP_CommonMethod.RLapprove: com.helper.commonfunct.BEP_CommonMethod.RLapprove is PASSED

2017-10-31 17:57:02 - [MESSAGE][PASSED] - Delayed 3 second(s)

2017-10-31 17:57:02 - [MESSAGE][WARNING] - Timeout '0' is invalid. Using default page load timeout: '30'

2017-10-31 17:57:11 - [MESSAGE][PASSED] - Object: 'Object Repository/BEP/RlLink' is clicked on

2017-10-31 17:57:14 - [MESSAGE][PASSED] - Delayed 3 second(s)

2017-10-31 17:57:14 - [MESSAGE][PASSED] - Scroll to object 'Object Repository/NEXT_BUTTON' successfully

2017-10-31 17:57:14 - [MESSAGE][PASSED] - Object: 'Object Repository/NEXT_BUTTON' is clicked on

2017-10-31 17:57:17 - [MESSAGE][PASSED] - Delayed 3 second(s)

2017-10-31 17:57:17 - [MESSAGE][WARNING] - Timeout '0' is invalid. Using default page load timeout: '30'

2017-10-31 17:57:21 - [MESSAGE][PASSED] - Scroll to object 'Object Repository/BEP/RD_RLApprove' successfully

2017-10-31 17:57:21 - [MESSAGE][PASSED] - Object: 'Object Repository/BEP/RD_RLApprove' is clicked on

2017-10-31 17:57:24 - [MESSAGE][PASSED] - Delayed 3 second(s)

2017-10-31 17:57:24 - [MESSAGE][PASSED] - Text 'Testing' is set on object 'Object Repository/BEP/BEP_CASENOTES'

2017-10-31 17:57:27 - [MESSAGE][PASSED] - Delayed 3 second(s)

2017-10-31 17:57:27 - [MESSAGE][WARNING] - Timeout '0' is invalid. Using default page load timeout: '30'

2017-10-31 17:57:27 - [MESSAGE][PASSED] - Scroll to object 'Object Repository/BEP/FINISH_ASSIGNMENT' successfully

2017-10-31 17:57:27 - [MESSAGE][PASSED] - Object: 'Object Repository/BEP/FINISH_ASSIGNMENT' is clicked on

2017-10-31 17:57:30 - [MESSAGE][PASSED] - Delayed 3 second(s)

2017-10-31 17:57:33 - [MESSAGE][PASSED] - Delayed 3 second(s)

2017-10-31 17:57:34 - [MESSAGE][PASSED] - Text of object 'Object Repository/BEP/WOSTATUS' is: 'Pending-EmailCustomer'

2017-10-31 17:57:34 - [MESSAGE][PASSED] - com.helper.commonfunct.BEP_CommonMethod.RLapprove is PASSED

2017-10-31 17:57:34 - [TEST_STEP][PASSED] - com.helper.commonfunct.utilities.WOstatus: com.helper.commonfunct.utilities.WOstatus is PASSED

2017-10-31 17:57:34 - [MESSAGE][PASSED] - Text of object 'Object Repository/ECR/WOSTATUS' is: 'Pending-EmailCustomer'

2017-10-31 17:57:34 - [MESSAGE][PASSED] - com.helper.commonfunct.utilities.WOstatus is PASSED

2017-10-31 17:57:34 - [TEST_STEP][PASSED] - Statement - For ([j = 0, j < AssignmentList.size(), (j++)]): com.helper.commonfunct.utilities.WOstatus is PASSED

2017-10-31 17:57:34 - [TEST_STEP][PASSED] - Statement - Status = text: null

2017-10-31 17:57:34 - [TEST_STEP][PASSED] - Statement - println(Status): null

2017-10-31 17:57:34 - [TEST_STEP][PASSED] - Statement - If (WOSTATUS == "Pending-RDApproval"): null

2017-10-31 17:57:34 - [TEST_STEP][PASSED] - Statement - Else If (WOSTATUS == "Pending-RLApproval"): null

2017-10-31 17:57:34 - [TEST_STEP][PASSED] - Statement - Else If (WOSTATUS == "Pending-Update"): null

2017-10-31 17:57:34 - [TEST_STEP][PASSED] - Statement - Else If (WOSTATUS == "Pending-Meeting"): null

2017-10-31 17:57:34 - [TEST_STEP][PASSED] - Statement - Else If (WOSTATUS == "Pending-EmailCustomer"): com.helper.commonfunct.utilities.WOstatus is PASSED

2017-10-31 17:57:34 - [TEST_STEP][PASSED] - Statement - If (SendEmail == true): com.helper.commonfunct.utilities.WOstatus is PASSED

2017-10-31 17:57:34 - [TEST_STEP][PASSED] - com.helper.commonfunct.utilities.login: com.helper.commonfunct.utilities.login is PASSED

2017-10-31 17:57:34 - [MESSAGE][WARNING] - A browser is already opened. Closing browser and opening a new one

2017-10-31 17:57:38 - [MESSAGE][PASSED] - Browser is opened with url: ''

2017-10-31 17:57:42 - [MESSAGE][PASSED] - Navigate to 'http://vtcpqa2:9685/tcpqa/PRServlet' successfully

2017-10-31 17:57:42 - [MESSAGE][PASSED] - Text 'hendj@pegasystems.com' is set on object 'Object Repository/input_UserIdentifier'

2017-10-31 17:57:42 - [MESSAGE][PASSED] - Text 'install' is set on object 'Object Repository/input_Password'

2017-10-31 17:58:01 - [MESSAGE][PASSED] - Keys 'ENTER + ' sent to object: 'Object Repository/input_Password'

2017-10-31 17:58:01 - [MESSAGE][PASSED] - com.helper.commonfunct.utilities.login is PASSED

2017-10-31 17:58:01 - [TEST_STEP][PASSED] - com.helper.commonfunct.utilities.search: com.helper.commonfunct.utilities.search is PASSED

2017-10-31 17:58:02 - [MESSAGE][PASSED] - Current window maximized

2017-10-31 17:58:05 - [MESSAGE][PASSED] - Delayed 3 second(s)

2017-10-31 17:58:06 - [MESSAGE][PASSED] - Text 'BEP-31Oct2017-28' is set on object 'Object Repository/EngInfo/search'

2017-10-31 17:58:08 - [MESSAGE][PASSED] - Delayed 2 second(s)

2017-10-31 17:58:08 - [MESSAGE][PASSED] - Keys 'ENTER + ' sent to object: 'Object Repository/EngInfo/search'

2017-10-31 17:58:11 - [MESSAGE][PASSED] - Delayed 3 second(s)

2017-10-31 17:58:11 - [MESSAGE][PASSED] - com.helper.commonfunct.utilities.search is PASSED

2017-10-31 17:58:11 - [TEST_STEP][PASSED] - com.helper.commonfunct.BEP_CommonMethod.EmailCustomer: com.helper.commonfunct.BEP_CommonMethod.EmailCustomer is PASSED

2017-10-31 17:58:14 - [MESSAGE][PASSED] - Delayed 3 second(s)

2017-10-31 17:58:14 - [MESSAGE][WARNING] - Timeout '0' is invalid. Using default page load timeout: '30'

2017-10-31 17:58:18 - [MESSAGE][PASSED] - Object: 'Object Repository/BEP/SendCustomerEmail' is clicked on

2017-10-31 17:58:21 - [MESSAGE][PASSED] - Delayed 3 second(s)

2017-10-31 17:58:22 - [MESSAGE][PASSED] - Object: 'Object Repository/BEP/ECR_CHECKBOX' is clicked on

2017-10-31 17:58:25 - [MESSAGE][PASSED] - Delayed 3 second(s)

2017-10-31 17:58:25 - [MESSAGE][PASSED] - Object: 'Object Repository/BEP/SEND_EMAIL' is clicked on

2017-10-31 17:58:28 - [MESSAGE][PASSED] - Delayed 3 second(s)

2017-10-31 17:58:28 - [MESSAGE][PASSED] - com.helper.commonfunct.BEP_CommonMethod.EmailCustomer is PASSED

2017-10-31 17:58:28 - [TEST_STEP][PASSED] - com.helper.commonfunct.utilities.WOstatus: com.helper.commonfunct.utilities.WOstatus is PASSED

2017-10-31 17:58:28 - [MESSAGE][PASSED] - Text of object 'Object Repository/ECR/WOSTATUS' is: 'Resolved-Approved'

2017-10-31 17:58:29 - [MESSAGE][PASSED] - com.helper.commonfunct.utilities.WOstatus is PASSED

2017-10-31 17:58:29 - [MESSAGE][PASSED] - Call Test Case 'Test Cases/BEP/All_Approval_Reject' successfully]]></system-out>
         <system-err><![CDATA[]]></system-err>
      </testcase>
      <testcase name="Test Cases/BEP/TC_CreateBEP_EmailOutput_SendEmail_NoECR" classname="Test Cases/BEP/TC_CreateBEP_EmailOutput_SendEmail_NoECR" status="PASSED">
         <system-out><![CDATA[2017-10-31 17:58:29 - [TEST_CASE][PASSED] - Test Cases/BEP/TC_CreateBEP_EmailOutput_SendEmail_NoECR: Test Cases/BEP/TC_CreateBEP_EmailOutput_SendEmail_NoECR

2017-10-31 17:58:30 - [TEST_STEP][PASSED] - callTestCase: Call Test Case 'Test Cases/BEP/TC_Create_BEP_EmailOutput' successfully

2017-10-31 17:58:30 - [TEST_CASE][PASSED] - Test Cases/BEP/TC_Create_BEP_EmailOutput: Test Cases/BEP/TC_Create_BEP_EmailOutput

2017-10-31 17:58:30 - [TEST_STEP][PASSED] - com.helper.commonfunct.utilities.login: com.helper.commonfunct.utilities.login is PASSED

2017-10-31 17:58:30 - [MESSAGE][WARNING] - A browser is already opened. Closing browser and opening a new one

2017-10-31 17:58:33 - [MESSAGE][PASSED] - Browser is opened with url: ''

2017-10-31 17:58:37 - [MESSAGE][PASSED] - Navigate to 'http://vtcpqa2:9685/tcpqa/PRServlet' successfully

2017-10-31 17:58:37 - [MESSAGE][PASSED] - Text 'hendj@pegasystems.com' is set on object 'Object Repository/input_UserIdentifier'

2017-10-31 17:58:37 - [MESSAGE][PASSED] - Text 'install' is set on object 'Object Repository/input_Password'

2017-10-31 17:58:49 - [MESSAGE][PASSED] - Keys 'ENTER + ' sent to object: 'Object Repository/input_Password'

2017-10-31 17:58:49 - [MESSAGE][PASSED] - com.helper.commonfunct.utilities.login is PASSED

2017-10-31 17:58:49 - [TEST_STEP][PASSED] - click: Object: 'Object Repository/Generic/a_Actions' is clicked on

2017-10-31 17:58:49 - [MESSAGE][PASSED] - Object: 'Object Repository/Generic/a_Actions' is clicked on

2017-10-31 17:58:49 - [TEST_STEP][PASSED] - focus: Object: 'Object Repository/span_New' is focused

2017-10-31 17:58:56 - [MESSAGE][PASSED] - Object: 'Object Repository/span_New' is focused

2017-10-31 17:58:56 - [TEST_STEP][PASSED] - click: Object: 'Object Repository/BEP/EstimateLink' is clicked on

2017-10-31 17:59:04 - [MESSAGE][PASSED] - Object: 'Object Repository/BEP/EstimateLink' is clicked on

2017-10-31 17:59:04 - [TEST_STEP][PASSED] - switchToFrame: Switched to iframe: 'Object Repository/FRAME1'

2017-10-31 17:59:04 - [TEST_STEP][PASSED] - com.helper.commonfunct.BEP_CommonMethod.BEPImport: com.helper.commonfunct.BEP_CommonMethod.BEPImport is PASSED

2017-10-31 17:59:08 - [MESSAGE][PASSED] - Delayed 4 second(s)

2017-10-31 17:59:08 - [MESSAGE][WARNING] - Timeout '0' is invalid. Using default page load timeout: '30'

2017-10-31 17:59:08 - [MESSAGE][PASSED] - Object 'Object Repository/BEP/import' is visible

2017-10-31 17:59:08 - [MESSAGE][PASSED] - Object: 'Object Repository/BEP/import' is clicked on

2017-10-31 17:59:12 - [MESSAGE][PASSED] - Delayed 4 second(s)

2017-10-31 17:59:12 - [MESSAGE][PASSED] - File 'C:\\EStimate.xlsm' sent to object: 'Object Repository/input_PpyWorkPageppyFilePath'

2017-10-31 17:59:16 - [MESSAGE][PASSED] - Delayed 4 second(s)

2017-10-31 17:59:16 - [MESSAGE][PASSED] - Object: 'Object Repository/button_Submit' is clicked on

2017-10-31 17:59:16 - [MESSAGE][PASSED] - com.helper.commonfunct.BEP_CommonMethod.BEPImport is PASSED

2017-10-31 17:59:16 - [TEST_STEP][PASSED] - delay: Delayed 8 second(s)

2017-10-31 17:59:24 - [MESSAGE][PASSED] - Delayed 8 second(s)

2017-10-31 17:59:24 - [TEST_STEP][PASSED] - setText: Text 'BOFA' is set on object 'Object Repository/Generic/ORG'

2017-10-31 17:59:25 - [MESSAGE][PASSED] - Text 'BOFA' is set on object 'Object Repository/Generic/ORG'

2017-10-31 17:59:25 - [TEST_STEP][PASSED] - delay: Delayed 4 second(s)

2017-10-31 17:59:29 - [MESSAGE][PASSED] - Delayed 4 second(s)

2017-10-31 17:59:29 - [TEST_STEP][PASSED] - sendKeys: Keys 'TAB + ' sent to object: 'Object Repository/Generic/ORG'

2017-10-31 17:59:29 - [MESSAGE][PASSED] - Keys 'TAB + ' sent to object: 'Object Repository/Generic/ORG'

2017-10-31 17:59:29 - [TEST_STEP][PASSED] - delay: Delayed 5 second(s)

2017-10-31 17:59:34 - [MESSAGE][PASSED] - Delayed 5 second(s)

2017-10-31 17:59:34 - [TEST_STEP][PASSED] - setText: Text 'BOFA' is set on object 'Object Repository/Generic/ACC'

2017-10-31 17:59:34 - [MESSAGE][PASSED] - Text 'BOFA' is set on object 'Object Repository/Generic/ACC'

2017-10-31 17:59:34 - [TEST_STEP][PASSED] - delay: Delayed 5 second(s)

2017-10-31 17:59:39 - [MESSAGE][PASSED] - Delayed 5 second(s)

2017-10-31 17:59:39 - [TEST_STEP][PASSED] - sendKeys: Keys 'TAB + ' sent to object: 'Object Repository/Generic/ACC'

2017-10-31 17:59:39 - [MESSAGE][PASSED] - Keys 'TAB + ' sent to object: 'Object Repository/Generic/ACC'

2017-10-31 17:59:39 - [TEST_STEP][PASSED] - delay: Delayed 5 second(s)

2017-10-31 17:59:44 - [MESSAGE][PASSED] - Delayed 5 second(s)

2017-10-31 17:59:44 - [TEST_STEP][PASSED] - setText: Text 'AUTOTEST1' is set on object 'Object Repository/Generic/ENG_DESC'

2017-10-31 17:59:44 - [MESSAGE][PASSED] - Text 'AUTOTEST1' is set on object 'Object Repository/Generic/ENG_DESC'

2017-10-31 17:59:44 - [TEST_STEP][PASSED] - delay: Delayed 5 second(s)

2017-10-31 17:59:49 - [MESSAGE][PASSED] - Delayed 5 second(s)

2017-10-31 17:59:49 - [TEST_STEP][PASSED] - click: Object: 'Object Repository/Generic/PlatformID' is clicked on

2017-10-31 17:59:50 - [MESSAGE][PASSED] - Object: 'Object Repository/Generic/PlatformID' is clicked on

2017-10-31 17:59:50 - [TEST_STEP][PASSED] - delay: Delayed 2 second(s)

2017-10-31 17:59:52 - [MESSAGE][PASSED] - Delayed 2 second(s)

2017-10-31 17:59:52 - [TEST_STEP][PASSED] - sendKeys: Keys 'Accessibility' sent to object: 'Object Repository/Generic/PlatformID'

2017-10-31 17:59:52 - [MESSAGE][PASSED] - Keys 'Accessibility' sent to object: 'Object Repository/Generic/PlatformID'

2017-10-31 17:59:52 - [TEST_STEP][PASSED] - delay: Delayed 5 second(s)

2017-10-31 17:59:57 - [MESSAGE][PASSED] - Delayed 5 second(s)

2017-10-31 17:59:57 - [TEST_STEP][PASSED] - click: Object: 'Object Repository/Generic/PlatformVersion' is clicked on

2017-10-31 17:59:57 - [MESSAGE][PASSED] - Object: 'Object Repository/Generic/PlatformVersion' is clicked on

2017-10-31 17:59:57 - [TEST_STEP][PASSED] - delay: Delayed 5 second(s)

2017-10-31 18:00:02 - [MESSAGE][PASSED] - Delayed 5 second(s)

2017-10-31 18:00:02 - [TEST_STEP][PASSED] - sendKeys: Keys 'Accessibility Framework' sent to object: 'Object Repository/Generic/PlatformVersion'

2017-10-31 18:00:02 - [MESSAGE][PASSED] - Keys 'Accessibility Framework' sent to object: 'Object Repository/Generic/PlatformVersion'

2017-10-31 18:00:02 - [TEST_STEP][PASSED] - delay: Delayed 3 second(s)

2017-10-31 18:00:05 - [MESSAGE][PASSED] - Delayed 3 second(s)

2017-10-31 18:00:05 - [TEST_STEP][PASSED] - scrollToElement: Scroll to object 'Object Repository/BEP/MorethanOneRLSNO' successfully

2017-10-31 18:00:05 - [MESSAGE][PASSED] - Scroll to object 'Object Repository/BEP/MorethanOneRLSNO' successfully

2017-10-31 18:00:05 - [TEST_STEP][PASSED] - click: Object: 'Object Repository/BEP/MorethanOneRLSNO' is clicked on

2017-10-31 18:00:06 - [MESSAGE][PASSED] - Object: 'Object Repository/BEP/MorethanOneRLSNO' is clicked on

2017-10-31 18:00:06 - [TEST_STEP][PASSED] - delay: Delayed 3 second(s)

2017-10-31 18:00:09 - [MESSAGE][PASSED] - Delayed 3 second(s)

2017-10-31 18:00:09 - [TEST_STEP][PASSED] - click: Object: 'Object Repository/Generic/PlatformTrue' is clicked on

2017-10-31 18:00:09 - [MESSAGE][PASSED] - Object: 'Object Repository/Generic/PlatformTrue' is clicked on

2017-10-31 18:00:09 - [TEST_STEP][PASSED] - delay: Delayed 3 second(s)

2017-10-31 18:00:12 - [MESSAGE][PASSED] - Delayed 3 second(s)

2017-10-31 18:00:12 - [TEST_STEP][PASSED] - scrollToElement: Scroll to object 'Object Repository/NEXT_BUTTON' successfully

2017-10-31 18:00:12 - [MESSAGE][PASSED] - Scroll to object 'Object Repository/NEXT_BUTTON' successfully

2017-10-31 18:00:12 - [TEST_STEP][PASSED] - click: Object: 'Object Repository/NEXT_BUTTON' is clicked on

2017-10-31 18:00:12 - [MESSAGE][PASSED] - Object: 'Object Repository/NEXT_BUTTON' is clicked on

2017-10-31 18:00:12 - [TEST_STEP][PASSED] - setText: Text '12' is set on object 'Object Repository/BEP/DurationLow'

2017-10-31 18:00:17 - [MESSAGE][PASSED] - Text '12' is set on object 'Object Repository/BEP/DurationLow'

2017-10-31 18:00:17 - [TEST_STEP][PASSED] - delay: Delayed 4 second(s)

2017-10-31 18:00:21 - [MESSAGE][PASSED] - Delayed 4 second(s)

2017-10-31 18:00:21 - [TEST_STEP][PASSED] - sendKeys: Keys 'TAB + ' sent to object: 'Object Repository/BEP/DurationLow'

2017-10-31 18:00:21 - [MESSAGE][PASSED] - Keys 'TAB + ' sent to object: 'Object Repository/BEP/DurationLow'

2017-10-31 18:00:21 - [TEST_STEP][PASSED] - delay: Delayed 5 second(s)

2017-10-31 18:00:26 - [MESSAGE][PASSED] - Delayed 5 second(s)

2017-10-31 18:00:26 - [TEST_STEP][PASSED] - setText: Text '12' is set on object 'Object Repository/BEP/DurationHigh'

2017-10-31 18:00:26 - [MESSAGE][PASSED] - Text '12' is set on object 'Object Repository/BEP/DurationHigh'

2017-10-31 18:00:26 - [TEST_STEP][PASSED] - delay: Delayed 5 second(s)

2017-10-31 18:00:31 - [MESSAGE][PASSED] - Delayed 5 second(s)

2017-10-31 18:00:31 - [TEST_STEP][PASSED] - sendKeys: Keys 'TAB + ' sent to object: 'Object Repository/BEP/DurationHigh'

2017-10-31 18:00:31 - [MESSAGE][PASSED] - Keys 'TAB + ' sent to object: 'Object Repository/BEP/DurationHigh'

2017-10-31 18:00:31 - [TEST_STEP][PASSED] - delay: Delayed 5 second(s)

2017-10-31 18:00:36 - [MESSAGE][PASSED] - Delayed 5 second(s)

2017-10-31 18:00:36 - [TEST_STEP][PASSED] - setText: Text '12' is set on object 'Object Repository/BEP/PartnerHoursLow'

2017-10-31 18:00:36 - [MESSAGE][PASSED] - Text '12' is set on object 'Object Repository/BEP/PartnerHoursLow'

2017-10-31 18:00:36 - [TEST_STEP][PASSED] - delay: Delayed 4 second(s)

2017-10-31 18:00:40 - [MESSAGE][PASSED] - Delayed 4 second(s)

2017-10-31 18:00:40 - [TEST_STEP][PASSED] - sendKeys: Keys 'TAB + ' sent to object: 'Object Repository/BEP/PartnerHoursLow'

2017-10-31 18:00:41 - [MESSAGE][PASSED] - Keys 'TAB + ' sent to object: 'Object Repository/BEP/PartnerHoursLow'

2017-10-31 18:00:41 - [TEST_STEP][PASSED] - delay: Delayed 4 second(s)

2017-10-31 18:00:45 - [MESSAGE][PASSED] - Delayed 4 second(s)

2017-10-31 18:00:45 - [TEST_STEP][PASSED] - setText: Text '12' is set on object 'Object Repository/BEP/PartnerHoursHigh'

2017-10-31 18:00:45 - [MESSAGE][PASSED] - Text '12' is set on object 'Object Repository/BEP/PartnerHoursHigh'

2017-10-31 18:00:45 - [TEST_STEP][PASSED] - delay: Delayed 5 second(s)

2017-10-31 18:00:50 - [MESSAGE][PASSED] - Delayed 5 second(s)

2017-10-31 18:00:50 - [TEST_STEP][PASSED] - click: Object: 'Object Repository/BEP/EstimationMethod' is clicked on

2017-10-31 18:00:50 - [MESSAGE][PASSED] - Object: 'Object Repository/BEP/EstimationMethod' is clicked on

2017-10-31 18:00:50 - [TEST_STEP][PASSED] - delay: Delayed 5 second(s)

2017-10-31 18:00:55 - [MESSAGE][PASSED] - Delayed 5 second(s)

2017-10-31 18:00:55 - [TEST_STEP][PASSED] - sendKeys: Keys 'BSW' sent to object: 'Object Repository/BEP/EstimationMethod'

2017-10-31 18:00:55 - [MESSAGE][PASSED] - Keys 'BSW' sent to object: 'Object Repository/BEP/EstimationMethod'

2017-10-31 18:00:55 - [TEST_STEP][PASSED] - delay: Delayed 4 second(s)

2017-10-31 18:00:59 - [MESSAGE][PASSED] - Delayed 4 second(s)

2017-10-31 18:00:59 - [TEST_STEP][PASSED] - click: Object: 'Object Repository/BEP/routeToRL' is clicked on

2017-10-31 18:00:59 - [MESSAGE][PASSED] - Object: 'Object Repository/BEP/routeToRL' is clicked on

2017-10-31 18:00:59 - [TEST_STEP][PASSED] - delay: Delayed 2 second(s)

2017-10-31 18:01:01 - [MESSAGE][PASSED] - Delayed 2 second(s)

2017-10-31 18:01:01 - [TEST_STEP][PASSED] - scrollToElement: Scroll to object 'Object Repository/NEXT_BUTTON' successfully

2017-10-31 18:01:01 - [MESSAGE][PASSED] - Scroll to object 'Object Repository/NEXT_BUTTON' successfully

2017-10-31 18:01:01 - [TEST_STEP][PASSED] - click: Object: 'Object Repository/NEXT_BUTTON' is clicked on

2017-10-31 18:01:02 - [MESSAGE][PASSED] - Object: 'Object Repository/NEXT_BUTTON' is clicked on

2017-10-31 18:01:02 - [TEST_STEP][PASSED] - delay: Delayed 2 second(s)

2017-10-31 18:01:04 - [MESSAGE][PASSED] - Delayed 2 second(s)

2017-10-31 18:01:04 - [TEST_STEP][PASSED] - click: Object: 'Object Repository/BEP/BEPOutputEmail' is clicked on

2017-10-31 18:01:04 - [MESSAGE][PASSED] - Object: 'Object Repository/BEP/BEPOutputEmail' is clicked on

2017-10-31 18:01:04 - [TEST_STEP][PASSED] - delay: Delayed 3 second(s)

2017-10-31 18:01:07 - [MESSAGE][PASSED] - Delayed 3 second(s)

2017-10-31 18:01:07 - [TEST_STEP][PASSED] - click: Object: 'Object Repository/BEP/RECEIPIENT' is clicked on

2017-10-31 18:01:07 - [MESSAGE][PASSED] - Object: 'Object Repository/BEP/RECEIPIENT' is clicked on

2017-10-31 18:01:07 - [TEST_STEP][PASSED] - delay: Delayed 3 second(s)

2017-10-31 18:01:10 - [MESSAGE][PASSED] - Delayed 3 second(s)

2017-10-31 18:01:10 - [TEST_STEP][PASSED] - click: Object: 'Object Repository/BEP/AddEmailID' is clicked on

2017-10-31 18:01:10 - [MESSAGE][PASSED] - Object: 'Object Repository/BEP/AddEmailID' is clicked on

2017-10-31 18:01:10 - [TEST_STEP][PASSED] - delay: Delayed 2 second(s)

2017-10-31 18:01:12 - [MESSAGE][PASSED] - Delayed 2 second(s)

2017-10-31 18:01:12 - [TEST_STEP][PASSED] - sendKeys: Keys 'nagaveni.nipinale@in.pega.com' sent to object: 'Object Repository/BEP/MAILID_XPATH'

2017-10-31 18:01:13 - [MESSAGE][PASSED] - Keys 'nagaveni.nipinale@in.pega.com' sent to object: 'Object Repository/BEP/MAILID_XPATH'

2017-10-31 18:01:13 - [TEST_STEP][PASSED] - delay: Delayed 3 second(s)

2017-10-31 18:01:16 - [MESSAGE][PASSED] - Delayed 3 second(s)

2017-10-31 18:01:16 - [TEST_STEP][PASSED] - click: Object: 'Object Repository/BEP/modal_submit' is clicked on

2017-10-31 18:01:16 - [MESSAGE][PASSED] - Object: 'Object Repository/BEP/modal_submit' is clicked on

2017-10-31 18:01:16 - [TEST_STEP][PASSED] - delay: Delayed 3 second(s)

2017-10-31 18:01:19 - [MESSAGE][PASSED] - Delayed 3 second(s)

2017-10-31 18:01:19 - [TEST_STEP][PASSED] - sendKeys: Keys 'Test Automation' sent to object: 'Object Repository/BEP/Email_Subject'

2017-10-31 18:01:19 - [MESSAGE][PASSED] - Keys 'Test Automation' sent to object: 'Object Repository/BEP/Email_Subject'

2017-10-31 18:01:19 - [TEST_STEP][PASSED] - scrollToElement: Scroll to object 'Object Repository/NEXT_BUTTON' successfully

2017-10-31 18:01:19 - [MESSAGE][PASSED] - Scroll to object 'Object Repository/NEXT_BUTTON' successfully

2017-10-31 18:01:19 - [TEST_STEP][PASSED] - click: Object: 'Object Repository/NEXT_BUTTON' is clicked on

2017-10-31 18:01:19 - [MESSAGE][PASSED] - Object: 'Object Repository/NEXT_BUTTON' is clicked on

2017-10-31 18:01:19 - [TEST_STEP][PASSED] - delay: Delayed 3 second(s)

2017-10-31 18:01:22 - [MESSAGE][PASSED] - Delayed 3 second(s)

2017-10-31 18:01:22 - [TEST_STEP][PASSED] - scrollToElement: Scroll to object 'Object Repository/Generic/FINISH_BUTTON' successfully

2017-10-31 18:01:23 - [MESSAGE][PASSED] - Scroll to object 'Object Repository/Generic/FINISH_BUTTON' successfully

2017-10-31 18:01:23 - [TEST_STEP][PASSED] - click: Object: 'Object Repository/Generic/FINISH_BUTTON' is clicked on

2017-10-31 18:01:23 - [MESSAGE][PASSED] - Object: 'Object Repository/Generic/FINISH_BUTTON' is clicked on

2017-10-31 18:01:23 - [TEST_STEP][PASSED] - com.helper.commonfunct.BEP_CommonMethod.woid: com.helper.commonfunct.BEP_CommonMethod.woid is PASSED

2017-10-31 18:01:23 - [MESSAGE][PASSED] - Text of object 'Object Repository/BEP/BEPWOID' is: 'BEP-31Oct2017-29'

2017-10-31 18:01:23 - [MESSAGE][PASSED] - com.helper.commonfunct.BEP_CommonMethod.woid is PASSED

2017-10-31 18:01:23 - [TEST_STEP][PASSED] - com.helper.commonfunct.BEP_CommonMethod.WOstatus: com.helper.commonfunct.BEP_CommonMethod.WOstatus is PASSED

2017-10-31 18:01:29 - [MESSAGE][PASSED] - Text of object 'Object Repository/BEP/WOSTATUS' is: 'Pending-RDApproval'

2017-10-31 18:01:29 - [MESSAGE][PASSED] - com.helper.commonfunct.BEP_CommonMethod.WOstatus is PASSED

2017-10-31 18:01:29 - [TEST_STEP][PASSED] - delay: Delayed 3 second(s)

2017-10-31 18:01:32 - [MESSAGE][PASSED] - Delayed 3 second(s)

2017-10-31 18:01:32 - [MESSAGE][PASSED] - Call Test Case 'Test Cases/BEP/TC_Create_BEP_EmailOutput' successfully

2017-10-31 18:01:32 - [TEST_STEP][PASSED] - Statement - SendEmail = true: null

2017-10-31 18:01:32 - [TEST_STEP][PASSED] - Statement - CreateECR = false: null

2017-10-31 18:01:32 - [TEST_STEP][PASSED] - callTestCase: Call Test Case 'Test Cases/BEP/All_Approval_Reject' successfully

2017-10-31 18:01:32 - [TEST_CASE][PASSED] - Test Cases/BEP/All_Approval_Reject: Test Cases/BEP/All_Approval_Reject

2017-10-31 18:01:32 - [TEST_STEP][PASSED] - Statement - While (WOSTATUS.contains("Pending")): com.helper.commonfunct.utilities.WOstatus is PASSED

2017-10-31 18:01:32 - [TEST_STEP][PASSED] - Statement - For ([j = 0, j < AssignmentList.size(), (j++)]): com.helper.commonfunct.utilities.WOstatus is PASSED

2017-10-31 18:01:32 - [TEST_STEP][PASSED] - Statement - Status = text: null

2017-10-31 18:01:32 - [TEST_STEP][PASSED] - Statement - println(Status): null

2017-10-31 18:01:32 - [TEST_STEP][PASSED] - Statement - If (WOSTATUS == "Pending-RDApproval"): com.helper.commonfunct.utilities.WOstatus is PASSED

2017-10-31 18:01:32 - [TEST_STEP][PASSED] - Statement - If (RDReject == false): com.helper.commonfunct.utilities.WOstatus is PASSED

2017-10-31 18:01:32 - [TEST_STEP][PASSED] - Statement - If (RouteToRL == true): com.helper.commonfunct.utilities.WOstatus is PASSED

2017-10-31 18:01:32 - [TEST_STEP][PASSED] - com.helper.commonfunct.utilities.login: com.helper.commonfunct.utilities.login is PASSED

2017-10-31 18:01:32 - [MESSAGE][WARNING] - A browser is already opened. Closing browser and opening a new one

2017-10-31 18:01:37 - [MESSAGE][PASSED] - Browser is opened with url: ''

2017-10-31 18:01:41 - [MESSAGE][PASSED] - Navigate to 'http://vtcpqa2:9685/tcpqa/PRServlet' successfully

2017-10-31 18:01:41 - [MESSAGE][PASSED] - Text 'ellia@pegasystems.com' is set on object 'Object Repository/input_UserIdentifier'

2017-10-31 18:01:41 - [MESSAGE][PASSED] - Text 'install' is set on object 'Object Repository/input_Password'

2017-10-31 18:01:59 - [MESSAGE][PASSED] - Keys 'ENTER + ' sent to object: 'Object Repository/input_Password'

2017-10-31 18:01:59 - [MESSAGE][PASSED] - com.helper.commonfunct.utilities.login is PASSED

2017-10-31 18:01:59 - [TEST_STEP][PASSED] - com.helper.commonfunct.utilities.search: com.helper.commonfunct.utilities.search is PASSED

2017-10-31 18:02:00 - [MESSAGE][PASSED] - Current window maximized

2017-10-31 18:02:03 - [MESSAGE][PASSED] - Delayed 3 second(s)

2017-10-31 18:02:04 - [MESSAGE][PASSED] - Text 'BEP-31Oct2017-29' is set on object 'Object Repository/EngInfo/search'

2017-10-31 18:02:06 - [MESSAGE][PASSED] - Delayed 2 second(s)

2017-10-31 18:02:06 - [MESSAGE][PASSED] - Keys 'ENTER + ' sent to object: 'Object Repository/EngInfo/search'

2017-10-31 18:02:09 - [MESSAGE][PASSED] - Delayed 3 second(s)

2017-10-31 18:02:09 - [MESSAGE][PASSED] - com.helper.commonfunct.utilities.search is PASSED

2017-10-31 18:02:09 - [TEST_STEP][PASSED] - com.helper.commonfunct.BEP_CommonMethod.RDapprove: com.helper.commonfunct.BEP_CommonMethod.RDapprove is PASSED

2017-10-31 18:02:12 - [MESSAGE][PASSED] - Delayed 3 second(s)

2017-10-31 18:02:12 - [MESSAGE][WARNING] - Timeout '0' is invalid. Using default page load timeout: '30'

2017-10-31 18:02:18 - [MESSAGE][PASSED] - Object: 'Object Repository/BEP/RDLink' is clicked on

2017-10-31 18:02:21 - [MESSAGE][PASSED] - Delayed 3 second(s)

2017-10-31 18:02:22 - [MESSAGE][PASSED] - Scroll to object 'Object Repository/NEXT_BUTTON' successfully

2017-10-31 18:02:22 - [MESSAGE][PASSED] - Object: 'Object Repository/NEXT_BUTTON' is clicked on

2017-10-31 18:02:25 - [MESSAGE][PASSED] - Delayed 3 second(s)

2017-10-31 18:02:25 - [MESSAGE][WARNING] - Timeout '0' is invalid. Using default page load timeout: '30'

2017-10-31 18:02:26 - [MESSAGE][PASSED] - Scroll to object 'Object Repository/BEP/RD_RLApprove' successfully

2017-10-31 18:02:26 - [MESSAGE][PASSED] - Object: 'Object Repository/BEP/RD_RLApprove' is clicked on

2017-10-31 18:02:29 - [MESSAGE][PASSED] - Delayed 3 second(s)

2017-10-31 18:02:29 - [MESSAGE][PASSED] - Text 'Testing' is set on object 'Object Repository/BEP/BEP_CASENOTES'

2017-10-31 18:02:32 - [MESSAGE][PASSED] - Delayed 3 second(s)

2017-10-31 18:02:32 - [MESSAGE][WARNING] - Timeout '0' is invalid. Using default page load timeout: '30'

2017-10-31 18:02:32 - [MESSAGE][PASSED] - Scroll to object 'Object Repository/BEP/FINISH_ASSIGNMENT' successfully

2017-10-31 18:02:33 - [MESSAGE][PASSED] - Object: 'Object Repository/BEP/FINISH_ASSIGNMENT' is clicked on

2017-10-31 18:02:36 - [MESSAGE][PASSED] - Delayed 3 second(s)

2017-10-31 18:02:36 - [MESSAGE][PASSED] - com.helper.commonfunct.BEP_CommonMethod.RDapprove is PASSED

2017-10-31 18:02:36 - [TEST_STEP][PASSED] - com.helper.commonfunct.utilities.WOstatus: com.helper.commonfunct.utilities.WOstatus is PASSED

2017-10-31 18:02:43 - [MESSAGE][PASSED] - Text of object 'Object Repository/ECR/WOSTATUS' is: 'Pending-RLApproval'

2017-10-31 18:02:43 - [MESSAGE][PASSED] - com.helper.commonfunct.utilities.WOstatus is PASSED

2017-10-31 18:02:43 - [TEST_STEP][PASSED] - Statement - Status = text: null

2017-10-31 18:02:43 - [TEST_STEP][PASSED] - Statement - println(Status): null

2017-10-31 18:02:43 - [TEST_STEP][PASSED] - Statement - If (WOSTATUS == "Pending-RDApproval"): null

2017-10-31 18:02:43 - [TEST_STEP][PASSED] - Statement - Else If (WOSTATUS == "Pending-RLApproval"): com.helper.commonfunct.utilities.WOstatus is PASSED

2017-10-31 18:02:43 - [TEST_STEP][PASSED] - Statement - If (RLReject == false): com.helper.commonfunct.utilities.WOstatus is PASSED

2017-10-31 18:02:43 - [TEST_STEP][PASSED] - com.helper.commonfunct.utilities.login: com.helper.commonfunct.utilities.login is PASSED

2017-10-31 18:02:43 - [MESSAGE][WARNING] - A browser is already opened. Closing browser and opening a new one

2017-10-31 18:02:47 - [MESSAGE][PASSED] - Browser is opened with url: ''

2017-10-31 18:02:51 - [MESSAGE][PASSED] - Navigate to 'http://vtcpqa2:9685/tcpqa/PRServlet' successfully

2017-10-31 18:02:51 - [MESSAGE][PASSED] - Text 'panee@pegasystems.com' is set on object 'Object Repository/input_UserIdentifier'

2017-10-31 18:02:51 - [MESSAGE][PASSED] - Text 'install' is set on object 'Object Repository/input_Password'

2017-10-31 18:03:09 - [MESSAGE][PASSED] - Keys 'ENTER + ' sent to object: 'Object Repository/input_Password'

2017-10-31 18:03:09 - [MESSAGE][PASSED] - com.helper.commonfunct.utilities.login is PASSED

2017-10-31 18:03:09 - [TEST_STEP][PASSED] - com.helper.commonfunct.utilities.search: com.helper.commonfunct.utilities.search is PASSED

2017-10-31 18:03:11 - [MESSAGE][PASSED] - Current window maximized

2017-10-31 18:03:14 - [MESSAGE][PASSED] - Delayed 3 second(s)

2017-10-31 18:03:14 - [MESSAGE][PASSED] - Text 'BEP-31Oct2017-29' is set on object 'Object Repository/EngInfo/search'

2017-10-31 18:03:16 - [MESSAGE][PASSED] - Delayed 2 second(s)

2017-10-31 18:03:16 - [MESSAGE][PASSED] - Keys 'ENTER + ' sent to object: 'Object Repository/EngInfo/search'

2017-10-31 18:03:19 - [MESSAGE][PASSED] - Delayed 3 second(s)

2017-10-31 18:03:19 - [MESSAGE][PASSED] - com.helper.commonfunct.utilities.search is PASSED

2017-10-31 18:03:19 - [TEST_STEP][PASSED] - com.helper.commonfunct.BEP_CommonMethod.RLapprove: com.helper.commonfunct.BEP_CommonMethod.RLapprove is PASSED

2017-10-31 18:03:22 - [MESSAGE][PASSED] - Delayed 3 second(s)

2017-10-31 18:03:22 - [MESSAGE][WARNING] - Timeout '0' is invalid. Using default page load timeout: '30'

2017-10-31 18:03:32 - [MESSAGE][PASSED] - Object: 'Object Repository/BEP/RlLink' is clicked on

2017-10-31 18:03:35 - [MESSAGE][PASSED] - Delayed 3 second(s)

2017-10-31 18:03:35 - [MESSAGE][PASSED] - Scroll to object 'Object Repository/NEXT_BUTTON' successfully

2017-10-31 18:03:35 - [MESSAGE][PASSED] - Object: 'Object Repository/NEXT_BUTTON' is clicked on

2017-10-31 18:03:38 - [MESSAGE][PASSED] - Delayed 3 second(s)

2017-10-31 18:03:38 - [MESSAGE][WARNING] - Timeout '0' is invalid. Using default page load timeout: '30'

2017-10-31 18:03:40 - [MESSAGE][PASSED] - Scroll to object 'Object Repository/BEP/RD_RLApprove' successfully

2017-10-31 18:03:41 - [MESSAGE][PASSED] - Object: 'Object Repository/BEP/RD_RLApprove' is clicked on

2017-10-31 18:03:44 - [MESSAGE][PASSED] - Delayed 3 second(s)

2017-10-31 18:03:44 - [MESSAGE][PASSED] - Text 'Testing' is set on object 'Object Repository/BEP/BEP_CASENOTES'

2017-10-31 18:03:47 - [MESSAGE][PASSED] - Delayed 3 second(s)

2017-10-31 18:03:47 - [MESSAGE][WARNING] - Timeout '0' is invalid. Using default page load timeout: '30'

2017-10-31 18:03:47 - [MESSAGE][PASSED] - Scroll to object 'Object Repository/BEP/FINISH_ASSIGNMENT' successfully

2017-10-31 18:03:47 - [MESSAGE][PASSED] - Object: 'Object Repository/BEP/FINISH_ASSIGNMENT' is clicked on

2017-10-31 18:03:50 - [MESSAGE][PASSED] - Delayed 3 second(s)

2017-10-31 18:03:53 - [MESSAGE][PASSED] - Delayed 3 second(s)

2017-10-31 18:03:54 - [MESSAGE][PASSED] - Text of object 'Object Repository/BEP/WOSTATUS' is: 'Pending-EmailCustomer'

2017-10-31 18:03:54 - [MESSAGE][PASSED] - com.helper.commonfunct.BEP_CommonMethod.RLapprove is PASSED

2017-10-31 18:03:54 - [TEST_STEP][PASSED] - com.helper.commonfunct.utilities.WOstatus: com.helper.commonfunct.utilities.WOstatus is PASSED

2017-10-31 18:03:54 - [MESSAGE][PASSED] - Text of object 'Object Repository/ECR/WOSTATUS' is: 'Pending-EmailCustomer'

2017-10-31 18:03:54 - [MESSAGE][PASSED] - com.helper.commonfunct.utilities.WOstatus is PASSED

2017-10-31 18:03:54 - [TEST_STEP][PASSED] - Statement - For ([j = 0, j < AssignmentList.size(), (j++)]): com.helper.commonfunct.utilities.WOstatus is PASSED

2017-10-31 18:03:54 - [TEST_STEP][PASSED] - Statement - Status = text: null

2017-10-31 18:03:54 - [TEST_STEP][PASSED] - Statement - println(Status): null

2017-10-31 18:03:54 - [TEST_STEP][PASSED] - Statement - If (WOSTATUS == "Pending-RDApproval"): null

2017-10-31 18:03:54 - [TEST_STEP][PASSED] - Statement - Else If (WOSTATUS == "Pending-RLApproval"): null

2017-10-31 18:03:54 - [TEST_STEP][PASSED] - Statement - Else If (WOSTATUS == "Pending-Update"): null

2017-10-31 18:03:54 - [TEST_STEP][PASSED] - Statement - Else If (WOSTATUS == "Pending-Meeting"): null

2017-10-31 18:03:54 - [TEST_STEP][PASSED] - Statement - Else If (WOSTATUS == "Pending-EmailCustomer"): com.helper.commonfunct.utilities.WOstatus is PASSED

2017-10-31 18:03:54 - [TEST_STEP][PASSED] - Statement - If (SendEmail == true): com.helper.commonfunct.utilities.WOstatus is PASSED

2017-10-31 18:03:54 - [TEST_STEP][PASSED] - com.helper.commonfunct.utilities.login: com.helper.commonfunct.utilities.login is PASSED

2017-10-31 18:03:54 - [MESSAGE][WARNING] - A browser is already opened. Closing browser and opening a new one

2017-10-31 18:03:57 - [MESSAGE][PASSED] - Browser is opened with url: ''

2017-10-31 18:04:01 - [MESSAGE][PASSED] - Navigate to 'http://vtcpqa2:9685/tcpqa/PRServlet' successfully

2017-10-31 18:04:02 - [MESSAGE][PASSED] - Text 'hendj@pegasystems.com' is set on object 'Object Repository/input_UserIdentifier'

2017-10-31 18:04:02 - [MESSAGE][PASSED] - Text 'install' is set on object 'Object Repository/input_Password'

2017-10-31 18:04:15 - [MESSAGE][PASSED] - Keys 'ENTER + ' sent to object: 'Object Repository/input_Password'

2017-10-31 18:04:15 - [MESSAGE][PASSED] - com.helper.commonfunct.utilities.login is PASSED

2017-10-31 18:04:15 - [TEST_STEP][PASSED] - com.helper.commonfunct.utilities.search: com.helper.commonfunct.utilities.search is PASSED

2017-10-31 18:04:16 - [MESSAGE][PASSED] - Current window maximized

2017-10-31 18:04:19 - [MESSAGE][PASSED] - Delayed 3 second(s)

2017-10-31 18:04:19 - [MESSAGE][PASSED] - Text 'BEP-31Oct2017-29' is set on object 'Object Repository/EngInfo/search'

2017-10-31 18:04:21 - [MESSAGE][PASSED] - Delayed 2 second(s)

2017-10-31 18:04:22 - [MESSAGE][PASSED] - Keys 'ENTER + ' sent to object: 'Object Repository/EngInfo/search'

2017-10-31 18:04:25 - [MESSAGE][PASSED] - Delayed 3 second(s)

2017-10-31 18:04:25 - [MESSAGE][PASSED] - com.helper.commonfunct.utilities.search is PASSED

2017-10-31 18:04:25 - [TEST_STEP][PASSED] - com.helper.commonfunct.BEP_CommonMethod.EmailCustomer: com.helper.commonfunct.BEP_CommonMethod.EmailCustomer is PASSED

2017-10-31 18:04:28 - [MESSAGE][PASSED] - Delayed 3 second(s)

2017-10-31 18:04:28 - [MESSAGE][WARNING] - Timeout '0' is invalid. Using default page load timeout: '30'

2017-10-31 18:04:36 - [MESSAGE][PASSED] - Object: 'Object Repository/BEP/SendCustomerEmail' is clicked on

2017-10-31 18:04:39 - [MESSAGE][PASSED] - Delayed 3 second(s)

2017-10-31 18:04:40 - [MESSAGE][PASSED] - Object: 'Object Repository/BEP/SEND_EMAIL' is clicked on

2017-10-31 18:04:43 - [MESSAGE][PASSED] - Delayed 3 second(s)

2017-10-31 18:04:43 - [MESSAGE][PASSED] - com.helper.commonfunct.BEP_CommonMethod.EmailCustomer is PASSED

2017-10-31 18:04:43 - [TEST_STEP][PASSED] - com.helper.commonfunct.utilities.WOstatus: com.helper.commonfunct.utilities.WOstatus is PASSED

2017-10-31 18:04:44 - [MESSAGE][PASSED] - Text of object 'Object Repository/ECR/WOSTATUS' is: 'Resolved-Approved'

2017-10-31 18:04:45 - [MESSAGE][PASSED] - com.helper.commonfunct.utilities.WOstatus is PASSED

2017-10-31 18:04:45 - [MESSAGE][PASSED] - Call Test Case 'Test Cases/BEP/All_Approval_Reject' successfully]]></system-out>
         <system-err><![CDATA[]]></system-err>
      </testcase>
      <testcase name="Test Cases/BEP/TC_CreateBEP_EmailOutput_SkipEmail_CreateECR" classname="Test Cases/BEP/TC_CreateBEP_EmailOutput_SkipEmail_CreateECR" status="PASSED">
         <system-out><![CDATA[2017-10-31 18:04:45 - [TEST_CASE][PASSED] - Test Cases/BEP/TC_CreateBEP_EmailOutput_SkipEmail_CreateECR: Test Cases/BEP/TC_CreateBEP_EmailOutput_SkipEmail_CreateECR

2017-10-31 18:04:46 - [TEST_STEP][PASSED] - callTestCase: Call Test Case 'Test Cases/BEP/TC_Create_BEP_EmailOutput' successfully

2017-10-31 18:04:46 - [TEST_CASE][PASSED] - Test Cases/BEP/TC_Create_BEP_EmailOutput: Test Cases/BEP/TC_Create_BEP_EmailOutput

2017-10-31 18:04:46 - [TEST_STEP][PASSED] - com.helper.commonfunct.utilities.login: com.helper.commonfunct.utilities.login is PASSED

2017-10-31 18:04:46 - [MESSAGE][WARNING] - A browser is already opened. Closing browser and opening a new one

2017-10-31 18:04:49 - [MESSAGE][PASSED] - Browser is opened with url: ''

2017-10-31 18:04:53 - [MESSAGE][PASSED] - Navigate to 'http://vtcpqa2:9685/tcpqa/PRServlet' successfully

2017-10-31 18:04:54 - [MESSAGE][PASSED] - Text 'hendj@pegasystems.com' is set on object 'Object Repository/input_UserIdentifier'

2017-10-31 18:04:54 - [MESSAGE][PASSED] - Text 'install' is set on object 'Object Repository/input_Password'

2017-10-31 18:05:06 - [MESSAGE][PASSED] - Keys 'ENTER + ' sent to object: 'Object Repository/input_Password'

2017-10-31 18:05:06 - [MESSAGE][PASSED] - com.helper.commonfunct.utilities.login is PASSED

2017-10-31 18:05:06 - [TEST_STEP][PASSED] - click: Object: 'Object Repository/Generic/a_Actions' is clicked on

2017-10-31 18:05:07 - [MESSAGE][PASSED] - Object: 'Object Repository/Generic/a_Actions' is clicked on

2017-10-31 18:05:07 - [TEST_STEP][PASSED] - focus: Object: 'Object Repository/span_New' is focused

2017-10-31 18:05:13 - [MESSAGE][PASSED] - Object: 'Object Repository/span_New' is focused

2017-10-31 18:05:13 - [TEST_STEP][PASSED] - click: Object: 'Object Repository/BEP/EstimateLink' is clicked on

2017-10-31 18:05:21 - [MESSAGE][PASSED] - Object: 'Object Repository/BEP/EstimateLink' is clicked on

2017-10-31 18:05:21 - [TEST_STEP][PASSED] - switchToFrame: Switched to iframe: 'Object Repository/FRAME1'

2017-10-31 18:05:21 - [TEST_STEP][PASSED] - com.helper.commonfunct.BEP_CommonMethod.BEPImport: com.helper.commonfunct.BEP_CommonMethod.BEPImport is PASSED

2017-10-31 18:05:25 - [MESSAGE][PASSED] - Delayed 4 second(s)

2017-10-31 18:05:25 - [MESSAGE][WARNING] - Timeout '0' is invalid. Using default page load timeout: '30'

2017-10-31 18:05:25 - [MESSAGE][PASSED] - Object 'Object Repository/BEP/import' is visible

2017-10-31 18:05:26 - [MESSAGE][PASSED] - Object: 'Object Repository/BEP/import' is clicked on

2017-10-31 18:05:30 - [MESSAGE][PASSED] - Delayed 4 second(s)

2017-10-31 18:05:30 - [MESSAGE][PASSED] - File 'C:\\EStimate.xlsm' sent to object: 'Object Repository/input_PpyWorkPageppyFilePath'

2017-10-31 18:05:34 - [MESSAGE][PASSED] - Delayed 4 second(s)

2017-10-31 18:05:34 - [MESSAGE][PASSED] - Object: 'Object Repository/button_Submit' is clicked on

2017-10-31 18:05:34 - [MESSAGE][PASSED] - com.helper.commonfunct.BEP_CommonMethod.BEPImport is PASSED

2017-10-31 18:05:34 - [TEST_STEP][PASSED] - delay: Delayed 8 second(s)

2017-10-31 18:05:42 - [MESSAGE][PASSED] - Delayed 8 second(s)

2017-10-31 18:05:42 - [TEST_STEP][PASSED] - setText: Text 'BOFA' is set on object 'Object Repository/Generic/ORG'

2017-10-31 18:05:42 - [MESSAGE][PASSED] - Text 'BOFA' is set on object 'Object Repository/Generic/ORG'

2017-10-31 18:05:42 - [TEST_STEP][PASSED] - delay: Delayed 4 second(s)

2017-10-31 18:05:46 - [MESSAGE][PASSED] - Delayed 4 second(s)

2017-10-31 18:05:46 - [TEST_STEP][PASSED] - sendKeys: Keys 'TAB + ' sent to object: 'Object Repository/Generic/ORG'

2017-10-31 18:05:46 - [MESSAGE][PASSED] - Keys 'TAB + ' sent to object: 'Object Repository/Generic/ORG'

2017-10-31 18:05:46 - [TEST_STEP][PASSED] - delay: Delayed 5 second(s)

2017-10-31 18:05:51 - [MESSAGE][PASSED] - Delayed 5 second(s)

2017-10-31 18:05:51 - [TEST_STEP][PASSED] - setText: Text 'BOFA' is set on object 'Object Repository/Generic/ACC'

2017-10-31 18:05:52 - [MESSAGE][PASSED] - Text 'BOFA' is set on object 'Object Repository/Generic/ACC'

2017-10-31 18:05:52 - [TEST_STEP][PASSED] - delay: Delayed 5 second(s)

2017-10-31 18:05:57 - [MESSAGE][PASSED] - Delayed 5 second(s)

2017-10-31 18:05:57 - [TEST_STEP][PASSED] - sendKeys: Keys 'TAB + ' sent to object: 'Object Repository/Generic/ACC'

2017-10-31 18:05:57 - [MESSAGE][PASSED] - Keys 'TAB + ' sent to object: 'Object Repository/Generic/ACC'

2017-10-31 18:05:57 - [TEST_STEP][PASSED] - delay: Delayed 5 second(s)

2017-10-31 18:06:02 - [MESSAGE][PASSED] - Delayed 5 second(s)

2017-10-31 18:06:02 - [TEST_STEP][PASSED] - setText: Text 'AUTOTEST1' is set on object 'Object Repository/Generic/ENG_DESC'

2017-10-31 18:06:02 - [MESSAGE][PASSED] - Text 'AUTOTEST1' is set on object 'Object Repository/Generic/ENG_DESC'

2017-10-31 18:06:02 - [TEST_STEP][PASSED] - delay: Delayed 5 second(s)

2017-10-31 18:06:07 - [MESSAGE][PASSED] - Delayed 5 second(s)

2017-10-31 18:06:07 - [TEST_STEP][PASSED] - click: Object: 'Object Repository/Generic/PlatformID' is clicked on

2017-10-31 18:06:07 - [MESSAGE][PASSED] - Object: 'Object Repository/Generic/PlatformID' is clicked on

2017-10-31 18:06:07 - [TEST_STEP][PASSED] - delay: Delayed 2 second(s)

2017-10-31 18:06:09 - [MESSAGE][PASSED] - Delayed 2 second(s)

2017-10-31 18:06:09 - [TEST_STEP][PASSED] - sendKeys: Keys 'Accessibility' sent to object: 'Object Repository/Generic/PlatformID'

2017-10-31 18:06:09 - [MESSAGE][PASSED] - Keys 'Accessibility' sent to object: 'Object Repository/Generic/PlatformID'

2017-10-31 18:06:09 - [TEST_STEP][PASSED] - delay: Delayed 5 second(s)

2017-10-31 18:06:14 - [MESSAGE][PASSED] - Delayed 5 second(s)

2017-10-31 18:06:14 - [TEST_STEP][PASSED] - click: Object: 'Object Repository/Generic/PlatformVersion' is clicked on

2017-10-31 18:06:15 - [MESSAGE][PASSED] - Object: 'Object Repository/Generic/PlatformVersion' is clicked on

2017-10-31 18:06:15 - [TEST_STEP][PASSED] - delay: Delayed 5 second(s)

2017-10-31 18:06:20 - [MESSAGE][PASSED] - Delayed 5 second(s)

2017-10-31 18:06:20 - [TEST_STEP][PASSED] - sendKeys: Keys 'Accessibility Framework' sent to object: 'Object Repository/Generic/PlatformVersion'

2017-10-31 18:06:20 - [MESSAGE][PASSED] - Keys 'Accessibility Framework' sent to object: 'Object Repository/Generic/PlatformVersion'

2017-10-31 18:06:20 - [TEST_STEP][PASSED] - delay: Delayed 3 second(s)

2017-10-31 18:06:23 - [MESSAGE][PASSED] - Delayed 3 second(s)

2017-10-31 18:06:23 - [TEST_STEP][PASSED] - scrollToElement: Scroll to object 'Object Repository/BEP/MorethanOneRLSNO' successfully

2017-10-31 18:06:23 - [MESSAGE][PASSED] - Scroll to object 'Object Repository/BEP/MorethanOneRLSNO' successfully

2017-10-31 18:06:23 - [TEST_STEP][PASSED] - click: Object: 'Object Repository/BEP/MorethanOneRLSNO' is clicked on

2017-10-31 18:06:23 - [MESSAGE][PASSED] - Object: 'Object Repository/BEP/MorethanOneRLSNO' is clicked on

2017-10-31 18:06:23 - [TEST_STEP][PASSED] - delay: Delayed 3 second(s)

2017-10-31 18:06:26 - [MESSAGE][PASSED] - Delayed 3 second(s)

2017-10-31 18:06:26 - [TEST_STEP][PASSED] - click: Object: 'Object Repository/Generic/PlatformTrue' is clicked on

2017-10-31 18:06:27 - [MESSAGE][PASSED] - Object: 'Object Repository/Generic/PlatformTrue' is clicked on

2017-10-31 18:06:27 - [TEST_STEP][PASSED] - delay: Delayed 3 second(s)

2017-10-31 18:06:30 - [MESSAGE][PASSED] - Delayed 3 second(s)

2017-10-31 18:06:30 - [TEST_STEP][PASSED] - scrollToElement: Scroll to object 'Object Repository/NEXT_BUTTON' successfully

2017-10-31 18:06:30 - [MESSAGE][PASSED] - Scroll to object 'Object Repository/NEXT_BUTTON' successfully

2017-10-31 18:06:30 - [TEST_STEP][PASSED] - click: Object: 'Object Repository/NEXT_BUTTON' is clicked on

2017-10-31 18:06:30 - [MESSAGE][PASSED] - Object: 'Object Repository/NEXT_BUTTON' is clicked on

2017-10-31 18:06:30 - [TEST_STEP][PASSED] - setText: Text '12' is set on object 'Object Repository/BEP/DurationLow'

2017-10-31 18:06:35 - [MESSAGE][PASSED] - Text '12' is set on object 'Object Repository/BEP/DurationLow'

2017-10-31 18:06:35 - [TEST_STEP][PASSED] - delay: Delayed 4 second(s)

2017-10-31 18:06:39 - [MESSAGE][PASSED] - Delayed 4 second(s)

2017-10-31 18:06:39 - [TEST_STEP][PASSED] - sendKeys: Keys 'TAB + ' sent to object: 'Object Repository/BEP/DurationLow'

2017-10-31 18:06:39 - [MESSAGE][PASSED] - Keys 'TAB + ' sent to object: 'Object Repository/BEP/DurationLow'

2017-10-31 18:06:39 - [TEST_STEP][PASSED] - delay: Delayed 5 second(s)

2017-10-31 18:06:44 - [MESSAGE][PASSED] - Delayed 5 second(s)

2017-10-31 18:06:44 - [TEST_STEP][PASSED] - setText: Text '12' is set on object 'Object Repository/BEP/DurationHigh'

2017-10-31 18:06:44 - [MESSAGE][PASSED] - Text '12' is set on object 'Object Repository/BEP/DurationHigh'

2017-10-31 18:06:44 - [TEST_STEP][PASSED] - delay: Delayed 5 second(s)

2017-10-31 18:06:49 - [MESSAGE][PASSED] - Delayed 5 second(s)

2017-10-31 18:06:49 - [TEST_STEP][PASSED] - sendKeys: Keys 'TAB + ' sent to object: 'Object Repository/BEP/DurationHigh'

2017-10-31 18:06:49 - [MESSAGE][PASSED] - Keys 'TAB + ' sent to object: 'Object Repository/BEP/DurationHigh'

2017-10-31 18:06:49 - [TEST_STEP][PASSED] - delay: Delayed 5 second(s)

2017-10-31 18:06:54 - [MESSAGE][PASSED] - Delayed 5 second(s)

2017-10-31 18:06:54 - [TEST_STEP][PASSED] - setText: Text '12' is set on object 'Object Repository/BEP/PartnerHoursLow'

2017-10-31 18:06:54 - [MESSAGE][PASSED] - Text '12' is set on object 'Object Repository/BEP/PartnerHoursLow'

2017-10-31 18:06:54 - [TEST_STEP][PASSED] - delay: Delayed 4 second(s)

2017-10-31 18:06:58 - [MESSAGE][PASSED] - Delayed 4 second(s)

2017-10-31 18:06:58 - [TEST_STEP][PASSED] - sendKeys: Keys 'TAB + ' sent to object: 'Object Repository/BEP/PartnerHoursLow'

2017-10-31 18:06:58 - [MESSAGE][PASSED] - Keys 'TAB + ' sent to object: 'Object Repository/BEP/PartnerHoursLow'

2017-10-31 18:06:58 - [TEST_STEP][PASSED] - delay: Delayed 4 second(s)

2017-10-31 18:07:02 - [MESSAGE][PASSED] - Delayed 4 second(s)

2017-10-31 18:07:02 - [TEST_STEP][PASSED] - setText: Text '12' is set on object 'Object Repository/BEP/PartnerHoursHigh'

2017-10-31 18:07:03 - [MESSAGE][PASSED] - Text '12' is set on object 'Object Repository/BEP/PartnerHoursHigh'

2017-10-31 18:07:03 - [TEST_STEP][PASSED] - delay: Delayed 5 second(s)

2017-10-31 18:07:08 - [MESSAGE][PASSED] - Delayed 5 second(s)

2017-10-31 18:07:08 - [TEST_STEP][PASSED] - click: Object: 'Object Repository/BEP/EstimationMethod' is clicked on

2017-10-31 18:07:08 - [MESSAGE][PASSED] - Object: 'Object Repository/BEP/EstimationMethod' is clicked on

2017-10-31 18:07:08 - [TEST_STEP][PASSED] - delay: Delayed 5 second(s)

2017-10-31 18:07:13 - [MESSAGE][PASSED] - Delayed 5 second(s)

2017-10-31 18:07:13 - [TEST_STEP][PASSED] - sendKeys: Keys 'BSW' sent to object: 'Object Repository/BEP/EstimationMethod'

2017-10-31 18:07:13 - [MESSAGE][PASSED] - Keys 'BSW' sent to object: 'Object Repository/BEP/EstimationMethod'

2017-10-31 18:07:13 - [TEST_STEP][PASSED] - delay: Delayed 4 second(s)

2017-10-31 18:07:17 - [MESSAGE][PASSED] - Delayed 4 second(s)

2017-10-31 18:07:17 - [TEST_STEP][PASSED] - click: Object: 'Object Repository/BEP/routeToRL' is clicked on

2017-10-31 18:07:17 - [MESSAGE][PASSED] - Object: 'Object Repository/BEP/routeToRL' is clicked on

2017-10-31 18:07:17 - [TEST_STEP][PASSED] - delay: Delayed 2 second(s)

2017-10-31 18:07:19 - [MESSAGE][PASSED] - Delayed 2 second(s)

2017-10-31 18:07:19 - [TEST_STEP][PASSED] - scrollToElement: Scroll to object 'Object Repository/NEXT_BUTTON' successfully

2017-10-31 18:07:19 - [MESSAGE][PASSED] - Scroll to object 'Object Repository/NEXT_BUTTON' successfully

2017-10-31 18:07:19 - [TEST_STEP][PASSED] - click: Object: 'Object Repository/NEXT_BUTTON' is clicked on

2017-10-31 18:07:20 - [MESSAGE][PASSED] - Object: 'Object Repository/NEXT_BUTTON' is clicked on

2017-10-31 18:07:20 - [TEST_STEP][PASSED] - delay: Delayed 2 second(s)

2017-10-31 18:07:22 - [MESSAGE][PASSED] - Delayed 2 second(s)

2017-10-31 18:07:22 - [TEST_STEP][PASSED] - click: Object: 'Object Repository/BEP/BEPOutputEmail' is clicked on

2017-10-31 18:07:22 - [MESSAGE][PASSED] - Object: 'Object Repository/BEP/BEPOutputEmail' is clicked on

2017-10-31 18:07:22 - [TEST_STEP][PASSED] - delay: Delayed 3 second(s)

2017-10-31 18:07:25 - [MESSAGE][PASSED] - Delayed 3 second(s)

2017-10-31 18:07:25 - [TEST_STEP][PASSED] - click: Object: 'Object Repository/BEP/RECEIPIENT' is clicked on

2017-10-31 18:07:25 - [MESSAGE][PASSED] - Object: 'Object Repository/BEP/RECEIPIENT' is clicked on

2017-10-31 18:07:25 - [TEST_STEP][PASSED] - delay: Delayed 3 second(s)

2017-10-31 18:07:28 - [MESSAGE][PASSED] - Delayed 3 second(s)

2017-10-31 18:07:28 - [TEST_STEP][PASSED] - click: Object: 'Object Repository/BEP/AddEmailID' is clicked on

2017-10-31 18:07:28 - [MESSAGE][PASSED] - Object: 'Object Repository/BEP/AddEmailID' is clicked on

2017-10-31 18:07:28 - [TEST_STEP][PASSED] - delay: Delayed 2 second(s)

2017-10-31 18:07:30 - [MESSAGE][PASSED] - Delayed 2 second(s)

2017-10-31 18:07:30 - [TEST_STEP][PASSED] - sendKeys: Keys 'nagaveni.nipinale@in.pega.com' sent to object: 'Object Repository/BEP/MAILID_XPATH'

2017-10-31 18:07:31 - [MESSAGE][PASSED] - Keys 'nagaveni.nipinale@in.pega.com' sent to object: 'Object Repository/BEP/MAILID_XPATH'

2017-10-31 18:07:31 - [TEST_STEP][PASSED] - delay: Delayed 3 second(s)

2017-10-31 18:07:34 - [MESSAGE][PASSED] - Delayed 3 second(s)

2017-10-31 18:07:34 - [TEST_STEP][PASSED] - click: Object: 'Object Repository/BEP/modal_submit' is clicked on

2017-10-31 18:07:34 - [MESSAGE][PASSED] - Object: 'Object Repository/BEP/modal_submit' is clicked on

2017-10-31 18:07:34 - [TEST_STEP][PASSED] - delay: Delayed 3 second(s)

2017-10-31 18:07:37 - [MESSAGE][PASSED] - Delayed 3 second(s)

2017-10-31 18:07:37 - [TEST_STEP][PASSED] - sendKeys: Keys 'Test Automation' sent to object: 'Object Repository/BEP/Email_Subject'

2017-10-31 18:07:37 - [MESSAGE][PASSED] - Keys 'Test Automation' sent to object: 'Object Repository/BEP/Email_Subject'

2017-10-31 18:07:37 - [TEST_STEP][PASSED] - scrollToElement: Scroll to object 'Object Repository/NEXT_BUTTON' successfully

2017-10-31 18:07:37 - [MESSAGE][PASSED] - Scroll to object 'Object Repository/NEXT_BUTTON' successfully

2017-10-31 18:07:37 - [TEST_STEP][PASSED] - click: Object: 'Object Repository/NEXT_BUTTON' is clicked on

2017-10-31 18:07:37 - [MESSAGE][PASSED] - Object: 'Object Repository/NEXT_BUTTON' is clicked on

2017-10-31 18:07:37 - [TEST_STEP][PASSED] - delay: Delayed 3 second(s)

2017-10-31 18:07:40 - [MESSAGE][PASSED] - Delayed 3 second(s)

2017-10-31 18:07:40 - [TEST_STEP][PASSED] - scrollToElement: Scroll to object 'Object Repository/Generic/FINISH_BUTTON' successfully

2017-10-31 18:07:41 - [MESSAGE][PASSED] - Scroll to object 'Object Repository/Generic/FINISH_BUTTON' successfully

2017-10-31 18:07:41 - [TEST_STEP][PASSED] - click: Object: 'Object Repository/Generic/FINISH_BUTTON' is clicked on

2017-10-31 18:07:41 - [MESSAGE][PASSED] - Object: 'Object Repository/Generic/FINISH_BUTTON' is clicked on

2017-10-31 18:07:41 - [TEST_STEP][PASSED] - com.helper.commonfunct.BEP_CommonMethod.woid: com.helper.commonfunct.BEP_CommonMethod.woid is PASSED

2017-10-31 18:07:41 - [MESSAGE][PASSED] - Text of object 'Object Repository/BEP/BEPWOID' is: 'BEP-31Oct2017-30'

2017-10-31 18:07:41 - [MESSAGE][PASSED] - com.helper.commonfunct.BEP_CommonMethod.woid is PASSED

2017-10-31 18:07:41 - [TEST_STEP][PASSED] - com.helper.commonfunct.BEP_CommonMethod.WOstatus: com.helper.commonfunct.BEP_CommonMethod.WOstatus is PASSED

2017-10-31 18:07:47 - [MESSAGE][PASSED] - Text of object 'Object Repository/BEP/WOSTATUS' is: 'Pending-RDApproval'

2017-10-31 18:07:47 - [MESSAGE][PASSED] - com.helper.commonfunct.BEP_CommonMethod.WOstatus is PASSED

2017-10-31 18:07:47 - [TEST_STEP][PASSED] - delay: Delayed 3 second(s)

2017-10-31 18:07:50 - [MESSAGE][PASSED] - Delayed 3 second(s)

2017-10-31 18:07:50 - [MESSAGE][PASSED] - Call Test Case 'Test Cases/BEP/TC_Create_BEP_EmailOutput' successfully

2017-10-31 18:07:50 - [TEST_STEP][PASSED] - Statement - SendEmail = false: null

2017-10-31 18:07:50 - [TEST_STEP][PASSED] - Statement - CreateECR = true: null

2017-10-31 18:07:50 - [TEST_STEP][PASSED] - callTestCase: Call Test Case 'Test Cases/BEP/All_Approval_Reject' successfully

2017-10-31 18:07:50 - [TEST_CASE][PASSED] - Test Cases/BEP/All_Approval_Reject: Test Cases/BEP/All_Approval_Reject

2017-10-31 18:07:50 - [TEST_STEP][PASSED] - Statement - While (WOSTATUS.contains("Pending")): com.helper.commonfunct.utilities.WOstatus is PASSED

2017-10-31 18:07:50 - [TEST_STEP][PASSED] - Statement - For ([j = 0, j < AssignmentList.size(), (j++)]): com.helper.commonfunct.utilities.WOstatus is PASSED

2017-10-31 18:07:50 - [TEST_STEP][PASSED] - Statement - Status = text: null

2017-10-31 18:07:50 - [TEST_STEP][PASSED] - Statement - println(Status): null

2017-10-31 18:07:50 - [TEST_STEP][PASSED] - Statement - If (WOSTATUS == "Pending-RDApproval"): com.helper.commonfunct.utilities.WOstatus is PASSED

2017-10-31 18:07:50 - [TEST_STEP][PASSED] - Statement - If (RDReject == false): com.helper.commonfunct.utilities.WOstatus is PASSED

2017-10-31 18:07:50 - [TEST_STEP][PASSED] - Statement - If (RouteToRL == true): com.helper.commonfunct.utilities.WOstatus is PASSED

2017-10-31 18:07:50 - [TEST_STEP][PASSED] - com.helper.commonfunct.utilities.login: com.helper.commonfunct.utilities.login is PASSED

2017-10-31 18:07:50 - [MESSAGE][WARNING] - A browser is already opened. Closing browser and opening a new one

2017-10-31 18:07:53 - [MESSAGE][PASSED] - Browser is opened with url: ''

2017-10-31 18:07:58 - [MESSAGE][PASSED] - Navigate to 'http://vtcpqa2:9685/tcpqa/PRServlet' successfully

2017-10-31 18:07:58 - [MESSAGE][PASSED] - Text 'ellia@pegasystems.com' is set on object 'Object Repository/input_UserIdentifier'

2017-10-31 18:07:58 - [MESSAGE][PASSED] - Text 'install' is set on object 'Object Repository/input_Password'

2017-10-31 18:08:31 - [MESSAGE][PASSED] - Keys 'ENTER + ' sent to object: 'Object Repository/input_Password'

2017-10-31 18:08:31 - [MESSAGE][PASSED] - com.helper.commonfunct.utilities.login is PASSED

2017-10-31 18:08:31 - [TEST_STEP][PASSED] - com.helper.commonfunct.utilities.search: com.helper.commonfunct.utilities.search is PASSED

2017-10-31 18:08:32 - [MESSAGE][PASSED] - Current window maximized

2017-10-31 18:08:35 - [MESSAGE][PASSED] - Delayed 3 second(s)

2017-10-31 18:08:35 - [MESSAGE][PASSED] - Text 'BEP-31Oct2017-30' is set on object 'Object Repository/EngInfo/search'

2017-10-31 18:08:37 - [MESSAGE][PASSED] - Delayed 2 second(s)

2017-10-31 18:08:37 - [MESSAGE][PASSED] - Keys 'ENTER + ' sent to object: 'Object Repository/EngInfo/search'

2017-10-31 18:08:40 - [MESSAGE][PASSED] - Delayed 3 second(s)

[...]
Command duration or timeout: 4 milliseconds: null
Build info: version: '2.53.0', revision: '35ae25b', time: '2016-03-15 17:00:58'
System info: host: 'L22622WUS', ip: '10.224.203.190', os.name: 'Windows 7', os.arch: 'amd64', os.version: '6.1', java.version: '1.8.0_102'
Driver info: com.kms.katalon.selenium.driver.CChromeDriver
Capabilities [{applicationCacheEnabled=false, rotatable=false, mobileEmulationEnabled=false, networkConnectionEnabled=false, chrome={chromedriverVersion=2.33.506120 (e3e53437346286c0bc2d2dc9aa4915ba81d9023f), userDataDir=C:\Users\nipin\AppData\Local\Temp\scoped_dir19932_4957}, takesHeapSnapshot=true, pageLoadStrategy=normal, databaseEnabled=false, handlesAlerts=true, hasTouchScreen=false, version=61.0.3163.100, platform=XP, browserConnectionEnabled=false, nativeEvents=true, acceptSslCerts=true, locationContextEnabled=true, webStorageEnabled=true, browserName=chrome, takesScreenshot=true, javascriptEnabled=true, cssSelectorsEnabled=true, setWindowRect=true, unexpectedAlertBehaviour=}]
Session ID: 6172e9c767a3b2470788363acebe5ae4
*** Element info: {Using=xpath, value=//*[@id = 'DurationLow']})]]></system-err>
      </testcase>
      <testcase name="Test Cases/BEP/TC_Withdraw" classname="Test Cases/BEP/TC_Withdraw" status="PASSED">
         <system-out><![CDATA[2017-10-31 18:30:24 - [TEST_CASE][PASSED] - Test Cases/BEP/TC_Withdraw: Test Cases/BEP/TC_Withdraw

2017-10-31 18:30:24 - [TEST_STEP][PASSED] - callTestCase: Call Test Case 'Test Cases/BEP/TC_Create_BEP_NoOutput' successfully

2017-10-31 18:30:24 - [TEST_CASE][PASSED] - Test Cases/BEP/TC_Create_BEP_NoOutput: Test Cases/BEP/TC_Create_BEP_NoOutput

2017-10-31 18:30:24 - [TEST_STEP][PASSED] - com.helper.commonfunct.utilities.login: com.helper.commonfunct.utilities.login is PASSED

2017-10-31 18:30:24 - [MESSAGE][WARNING] - A browser is already opened. Closing browser and opening a new one

2017-10-31 18:30:27 - [MESSAGE][PASSED] - Browser is opened with url: ''

2017-10-31 18:30:31 - [MESSAGE][PASSED] - Navigate to 'http://vtcpqa2:9685/tcpqa/PRServlet' successfully

2017-10-31 18:30:32 - [MESSAGE][PASSED] - Text 'hendj@pegasystems.com' is set on object 'Object Repository/input_UserIdentifier'

2017-10-31 18:30:32 - [MESSAGE][PASSED] - Text 'install' is set on object 'Object Repository/input_Password'

2017-10-31 18:30:47 - [MESSAGE][PASSED] - Keys 'ENTER + ' sent to object: 'Object Repository/input_Password'

2017-10-31 18:30:47 - [MESSAGE][PASSED] - com.helper.commonfunct.utilities.login is PASSED

2017-10-31 18:30:47 - [TEST_STEP][PASSED] - click: Object: 'Object Repository/Generic/a_Actions' is clicked on

2017-10-31 18:30:47 - [MESSAGE][PASSED] - Object: 'Object Repository/Generic/a_Actions' is clicked on

2017-10-31 18:30:47 - [TEST_STEP][PASSED] - focus: Object: 'Object Repository/span_New' is focused

2017-10-31 18:30:56 - [MESSAGE][PASSED] - Object: 'Object Repository/span_New' is focused

2017-10-31 18:30:56 - [TEST_STEP][PASSED] - click: Object: 'Object Repository/BEP/EstimateLink' is clicked on

2017-10-31 18:31:06 - [MESSAGE][PASSED] - Object: 'Object Repository/BEP/EstimateLink' is clicked on

2017-10-31 18:31:06 - [TEST_STEP][PASSED] - switchToFrame: Switched to iframe: 'Object Repository/FRAME1'

2017-10-31 18:31:06 - [TEST_STEP][PASSED] - com.helper.commonfunct.BEP_CommonMethod.BEPImport: com.helper.commonfunct.BEP_CommonMethod.BEPImport is PASSED

2017-10-31 18:31:10 - [MESSAGE][PASSED] - Delayed 4 second(s)

2017-10-31 18:31:10 - [MESSAGE][WARNING] - Timeout '0' is invalid. Using default page load timeout: '30'

2017-10-31 18:31:10 - [MESSAGE][PASSED] - Object 'Object Repository/BEP/import' is visible

2017-10-31 18:31:10 - [MESSAGE][PASSED] - Object: 'Object Repository/BEP/import' is clicked on

2017-10-31 18:31:14 - [MESSAGE][PASSED] - Delayed 4 second(s)

2017-10-31 18:31:14 - [MESSAGE][PASSED] - File 'C:\\EStimate.xlsm' sent to object: 'Object Repository/input_PpyWorkPageppyFilePath'

2017-10-31 18:31:18 - [MESSAGE][PASSED] - Delayed 4 second(s)

2017-10-31 18:31:19 - [MESSAGE][PASSED] - Object: 'Object Repository/button_Submit' is clicked on

2017-10-31 18:31:19 - [MESSAGE][PASSED] - com.helper.commonfunct.BEP_CommonMethod.BEPImport is PASSED

2017-10-31 18:31:19 - [TEST_STEP][PASSED] - delay: Delayed 7 second(s)

2017-10-31 18:31:26 - [MESSAGE][PASSED] - Delayed 7 second(s)

2017-10-31 18:31:26 - [TEST_STEP][PASSED] - setText: Text 'BOFA' is set on object 'Object Repository/Generic/ORG'

2017-10-31 18:31:26 - [MESSAGE][PASSED] - Text 'BOFA' is set on object 'Object Repository/Generic/ORG'

2017-10-31 18:31:26 - [TEST_STEP][PASSED] - delay: Delayed 4 second(s)

2017-10-31 18:31:30 - [MESSAGE][PASSED] - Delayed 4 second(s)

2017-10-31 18:31:30 - [TEST_STEP][PASSED] - sendKeys: Keys 'TAB + ' sent to object: 'Object Repository/Generic/ORG'

2017-10-31 18:31:30 - [MESSAGE][PASSED] - Keys 'TAB + ' sent to object: 'Object Repository/Generic/ORG'

2017-10-31 18:31:30 - [TEST_STEP][PASSED] - delay: Delayed 5 second(s)

2017-10-31 18:31:35 - [MESSAGE][PASSED] - Delayed 5 second(s)

2017-10-31 18:31:35 - [TEST_STEP][PASSED] - setText: Text 'BOFA' is set on object 'Object Repository/Generic/ACC'

2017-10-31 18:31:35 - [MESSAGE][PASSED] - Text 'BOFA' is set on object 'Object Repository/Generic/ACC'

2017-10-31 18:31:35 - [TEST_STEP][PASSED] - delay: Delayed 5 second(s)

2017-10-31 18:31:40 - [MESSAGE][PASSED] - Delayed 5 second(s)

2017-10-31 18:31:40 - [TEST_STEP][PASSED] - sendKeys: Keys 'TAB + ' sent to object: 'Object Repository/Generic/ACC'

2017-10-31 18:31:40 - [MESSAGE][PASSED] - Keys 'TAB + ' sent to object: 'Object Repository/Generic/ACC'

2017-10-31 18:31:40 - [TEST_STEP][PASSED] - delay: Delayed 5 second(s)

2017-10-31 18:31:45 - [MESSAGE][PASSED] - Delayed 5 second(s)

2017-10-31 18:31:45 - [TEST_STEP][PASSED] - setText: Text 'AUTOTEST1' is set on object 'Object Repository/Generic/ENG_DESC'

2017-10-31 18:31:46 - [MESSAGE][PASSED] - Text 'AUTOTEST1' is set on object 'Object Repository/Generic/ENG_DESC'

2017-10-31 18:31:46 - [TEST_STEP][PASSED] - delay: Delayed 5 second(s)

2017-10-31 18:31:51 - [MESSAGE][PASSED] - Delayed 5 second(s)

2017-10-31 18:31:51 - [TEST_STEP][PASSED] - click: Object: 'Object Repository/Generic/PlatformID' is clicked on

2017-10-31 18:31:51 - [MESSAGE][PASSED] - Object: 'Object Repository/Generic/PlatformID' is clicked on

2017-10-31 18:31:51 - [TEST_STEP][PASSED] - delay: Delayed 2 second(s)

2017-10-31 18:31:53 - [MESSAGE][PASSED] - Delayed 2 second(s)

2017-10-31 18:31:53 - [TEST_STEP][PASSED] - sendKeys: Keys 'Accessibility' sent to object: 'Object Repository/Generic/PlatformID'

2017-10-31 18:31:53 - [MESSAGE][PASSED] - Keys 'Accessibility' sent to object: 'Object Repository/Generic/PlatformID'

2017-10-31 18:31:53 - [TEST_STEP][PASSED] - delay: Delayed 5 second(s)

2017-10-31 18:31:58 - [MESSAGE][PASSED] - Delayed 5 second(s)

2017-10-31 18:31:58 - [TEST_STEP][PASSED] - click: Object: 'Object Repository/Generic/PlatformVersion' is clicked on

2017-10-31 18:31:58 - [MESSAGE][PASSED] - Object: 'Object Repository/Generic/PlatformVersion' is clicked on

2017-10-31 18:31:58 - [TEST_STEP][PASSED] - delay: Delayed 5 second(s)

2017-10-31 18:32:03 - [MESSAGE][PASSED] - Delayed 5 second(s)

2017-10-31 18:32:03 - [TEST_STEP][PASSED] - sendKeys: Keys 'Accessibility Framework' sent to object: 'Object Repository/Generic/PlatformVersion'

2017-10-31 18:32:04 - [MESSAGE][PASSED] - Keys 'Accessibility Framework' sent to object: 'Object Repository/Generic/PlatformVersion'

2017-10-31 18:32:04 - [TEST_STEP][PASSED] - delay: Delayed 3 second(s)

2017-10-31 18:32:07 - [MESSAGE][PASSED] - Delayed 3 second(s)

2017-10-31 18:32:07 - [TEST_STEP][PASSED] - scrollToElement: Scroll to object 'Object Repository/BEP/MorethanOneRLSNO' successfully

2017-10-31 18:32:07 - [MESSAGE][PASSED] - Scroll to object 'Object Repository/BEP/MorethanOneRLSNO' successfully

2017-10-31 18:32:07 - [TEST_STEP][PASSED] - click: Object: 'Object Repository/BEP/MorethanOneRLSNO' is clicked on

2017-10-31 18:32:07 - [MESSAGE][PASSED] - Object: 'Object Repository/BEP/MorethanOneRLSNO' is clicked on

2017-10-31 18:32:07 - [TEST_STEP][PASSED] - delay: Delayed 3 second(s)

2017-10-31 18:32:10 - [MESSAGE][PASSED] - Delayed 3 second(s)

2017-10-31 18:32:10 - [TEST_STEP][PASSED] - click: Object: 'Object Repository/Generic/PlatformTrue' is clicked on

2017-10-31 18:32:10 - [MESSAGE][PASSED] - Object: 'Object Repository/Generic/PlatformTrue' is clicked on

2017-10-31 18:32:10 - [TEST_STEP][PASSED] - delay: Delayed 3 second(s)

2017-10-31 18:32:13 - [MESSAGE][PASSED] - Delayed 3 second(s)

2017-10-31 18:32:13 - [TEST_STEP][PASSED] - scrollToElement: Scroll to object 'Object Repository/NEXT_BUTTON' successfully

2017-10-31 18:32:13 - [MESSAGE][PASSED] - Scroll to object 'Object Repository/NEXT_BUTTON' successfully

2017-10-31 18:32:13 - [TEST_STEP][PASSED] - click: Object: 'Object Repository/NEXT_BUTTON' is clicked on

2017-10-31 18:32:13 - [MESSAGE][PASSED] - Object: 'Object Repository/NEXT_BUTTON' is clicked on

2017-10-31 18:32:13 - [TEST_STEP][PASSED] - setText: Text '12' is set on object 'Object Repository/BEP/DurationLow'

2017-10-31 18:32:18 - [MESSAGE][PASSED] - Text '12' is set on object 'Object Repository/BEP/DurationLow'

2017-10-31 18:32:18 - [TEST_STEP][PASSED] - delay: Delayed 4 second(s)

2017-10-31 18:32:22 - [MESSAGE][PASSED] - Delayed 4 second(s)

2017-10-31 18:32:22 - [TEST_STEP][PASSED] - sendKeys: Keys 'TAB + ' sent to object: 'Object Repository/BEP/DurationLow'

2017-10-31 18:32:22 - [MESSAGE][PASSED] - Keys 'TAB + ' sent to object: 'Object Repository/BEP/DurationLow'

2017-10-31 18:32:22 - [TEST_STEP][PASSED] - delay: Delayed 5 second(s)

2017-10-31 18:32:27 - [MESSAGE][PASSED] - Delayed 5 second(s)

2017-10-31 18:32:27 - [TEST_STEP][PASSED] - setText: Text '12' is set on object 'Object Repository/BEP/DurationHigh'

2017-10-31 18:32:27 - [MESSAGE][PASSED] - Text '12' is set on object 'Object Repository/BEP/DurationHigh'

2017-10-31 18:32:27 - [TEST_STEP][PASSED] - delay: Delayed 5 second(s)

2017-10-31 18:32:32 - [MESSAGE][PASSED] - Delayed 5 second(s)

2017-10-31 18:32:32 - [TEST_STEP][PASSED] - sendKeys: Keys 'TAB + ' sent to object: 'Object Repository/BEP/DurationHigh'

2017-10-31 18:32:32 - [MESSAGE][PASSED] - Keys 'TAB + ' sent to object: 'Object Repository/BEP/DurationHigh'

2017-10-31 18:32:32 - [TEST_STEP][PASSED] - delay: Delayed 5 second(s)

2017-10-31 18:32:37 - [MESSAGE][PASSED] - Delayed 5 second(s)

2017-10-31 18:32:37 - [TEST_STEP][PASSED] - setText: Text '12' is set on object 'Object Repository/BEP/PartnerHoursLow'

2017-10-31 18:32:37 - [MESSAGE][PASSED] - Text '12' is set on object 'Object Repository/BEP/PartnerHoursLow'

2017-10-31 18:32:37 - [TEST_STEP][PASSED] - delay: Delayed 4 second(s)

2017-10-31 18:32:41 - [MESSAGE][PASSED] - Delayed 4 second(s)

2017-10-31 18:32:41 - [TEST_STEP][PASSED] - sendKeys: Keys 'TAB + ' sent to object: 'Object Repository/BEP/PartnerHoursLow'

2017-10-31 18:32:41 - [MESSAGE][PASSED] - Keys 'TAB + ' sent to object: 'Object Repository/BEP/PartnerHoursLow'

2017-10-31 18:32:41 - [TEST_STEP][PASSED] - delay: Delayed 4 second(s)

2017-10-31 18:32:45 - [MESSAGE][PASSED] - Delayed 4 second(s)

2017-10-31 18:32:45 - [TEST_STEP][PASSED] - setText: Text '12' is set on object 'Object Repository/BEP/PartnerHoursHigh'

2017-10-31 18:32:45 - [MESSAGE][PASSED] - Text '12' is set on object 'Object Repository/BEP/PartnerHoursHigh'

2017-10-31 18:32:45 - [TEST_STEP][PASSED] - delay: Delayed 5 second(s)

2017-10-31 18:32:50 - [MESSAGE][PASSED] - Delayed 5 second(s)

2017-10-31 18:32:50 - [TEST_STEP][PASSED] - click: Object: 'Object Repository/BEP/EstimationMethod' is clicked on

2017-10-31 18:32:51 - [MESSAGE][PASSED] - Object: 'Object Repository/BEP/EstimationMethod' is clicked on

2017-10-31 18:32:51 - [TEST_STEP][PASSED] - delay: Delayed 5 second(s)

2017-10-31 18:32:56 - [MESSAGE][PASSED] - Delayed 5 second(s)

2017-10-31 18:32:56 - [TEST_STEP][PASSED] - sendKeys: Keys 'BSW' sent to object: 'Object Repository/BEP/EstimationMethod'

2017-10-31 18:32:56 - [MESSAGE][PASSED] - Keys 'BSW' sent to object: 'Object Repository/BEP/EstimationMethod'

2017-10-31 18:32:56 - [TEST_STEP][PASSED] - delay: Delayed 4 second(s)

2017-10-31 18:33:00 - [MESSAGE][PASSED] - Delayed 4 second(s)

2017-10-31 18:33:00 - [TEST_STEP][PASSED] - click: Object: 'Object Repository/BEP/routeToRL' is clicked on

2017-10-31 18:33:00 - [MESSAGE][PASSED] - Object: 'Object Repository/BEP/routeToRL' is clicked on

2017-10-31 18:33:00 - [TEST_STEP][PASSED] - delay: Delayed 2 second(s)

2017-10-31 18:33:02 - [MESSAGE][PASSED] - Delayed 2 second(s)

2017-10-31 18:33:02 - [TEST_STEP][PASSED] - scrollToElement: Scroll to object 'Object Repository/NEXT_BUTTON' successfully

2017-10-31 18:33:02 - [MESSAGE][PASSED] - Scroll to object 'Object Repository/NEXT_BUTTON' successfully

2017-10-31 18:33:02 - [TEST_STEP][PASSED] - click: Object: 'Object Repository/NEXT_BUTTON' is clicked on

2017-10-31 18:33:02 - [MESSAGE][PASSED] - Object: 'Object Repository/NEXT_BUTTON' is clicked on

2017-10-31 18:33:02 - [TEST_STEP][PASSED] - delay: Delayed 2 second(s)

2017-10-31 18:33:04 - [MESSAGE][PASSED] - Delayed 2 second(s)

2017-10-31 18:33:04 - [TEST_STEP][PASSED] - click: Object: 'Object Repository/BEP/BEPoutput' is clicked on

2017-10-31 18:33:04 - [MESSAGE][PASSED] - Object: 'Object Repository/BEP/BEPoutput' is clicked on

2017-10-31 18:33:04 - [TEST_STEP][PASSED] - delay: Delayed 3 second(s)

2017-10-31 18:33:07 - [MESSAGE][PASSED] - Delayed 3 second(s)

2017-10-31 18:33:07 - [TEST_STEP][PASSED] - selectOptionByValue: All options with value 'RFP in process' are selected in object 'Object Repository/BEP/ReasonCode' 

2017-10-31 18:33:08 - [MESSAGE][PASSED] - All options with value 'RFP in process' are selected in object 'Object Repository/BEP/ReasonCode' 

2017-10-31 18:33:08 - [TEST_STEP][PASSED] - scrollToElement: Scroll to object 'Object Repository/NEXT_BUTTON' successfully

2017-10-31 18:33:08 - [MESSAGE][PASSED] - Scroll to object 'Object Repository/NEXT_BUTTON' successfully

2017-10-31 18:33:08 - [TEST_STEP][PASSED] - click: Object: 'Object Repository/NEXT_BUTTON' is clicked on

2017-10-31 18:33:08 - [MESSAGE][PASSED] - Object: 'Object Repository/NEXT_BUTTON' is clicked on

2017-10-31 18:33:08 - [TEST_STEP][PASSED] - scrollToElement: Scroll to object 'Object Repository/Generic/FINISH_BUTTON' successfully

2017-10-31 18:33:10 - [MESSAGE][PASSED] - Scroll to object 'Object Repository/Generic/FINISH_BUTTON' successfully

2017-10-31 18:33:10 - [TEST_STEP][PASSED] - click: Object: 'Object Repository/Generic/FINISH_BUTTON' is clicked on

2017-10-31 18:33:10 - [MESSAGE][PASSED] - Object: 'Object Repository/Generic/FINISH_BUTTON' is clicked on

2017-10-31 18:33:10 - [TEST_STEP][PASSED] - delay: Delayed 3 second(s)

2017-10-31 18:33:13 - [MESSAGE][PASSED] - Delayed 3 second(s)

2017-10-31 18:33:13 - [TEST_STEP][PASSED] - com.helper.commonfunct.BEP_CommonMethod.woid: com.helper.commonfunct.BEP_CommonMethod.woid is PASSED

2017-10-31 18:33:23 - [MESSAGE][PASSED] - Text of object 'Object Repository/BEP/BEPWOID' is: 'BEP-31Oct2017-36'

2017-10-31 18:33:23 - [MESSAGE][PASSED] - com.helper.commonfunct.BEP_CommonMethod.woid is PASSED

2017-10-31 18:33:23 - [TEST_STEP][PASSED] - com.helper.commonfunct.BEP_CommonMethod.WOstatus: com.helper.commonfunct.BEP_CommonMethod.WOstatus is PASSED

2017-10-31 18:33:24 - [MESSAGE][PASSED] - Text of object 'Object Repository/BEP/WOSTATUS' is: 'Pending-RDApproval'

2017-10-31 18:33:24 - [MESSAGE][PASSED] - com.helper.commonfunct.BEP_CommonMethod.WOstatus is PASSED

2017-10-31 18:33:24 - [MESSAGE][PASSED] - Call Test Case 'Test Cases/BEP/TC_Create_BEP_NoOutput' successfully

2017-10-31 18:33:24 - [TEST_STEP][PASSED] - com.helper.commonfunct.utilities.login: com.helper.commonfunct.utilities.login is PASSED

2017-10-31 18:33:24 - [MESSAGE][WARNING] - A browser is already opened. Closing browser and opening a new one

2017-10-31 18:33:27 - [MESSAGE][PASSED] - Browser is opened with url: ''

2017-10-31 18:33:30 - [MESSAGE][PASSED] - Navigate to 'http://vtcpqa2:9685/tcpqa/PRServlet' successfully

2017-10-31 18:33:31 - [MESSAGE][PASSED] - Text 'hendj@pegasystems.com' is set on object 'Object Repository/input_UserIdentifier'

2017-10-31 18:33:31 - [MESSAGE][PASSED] - Text 'install' is set on object 'Object Repository/input_Password'

2017-10-31 18:33:44 - [MESSAGE][PASSED] - Keys 'ENTER + ' sent to object: 'Object Repository/input_Password'

2017-10-31 18:33:44 - [MESSAGE][PASSED] - com.helper.commonfunct.utilities.login is PASSED

2017-10-31 18:33:44 - [TEST_STEP][PASSED] - com.helper.commonfunct.utilities.search: com.helper.commonfunct.utilities.search is PASSED

2017-10-31 18:33:46 - [MESSAGE][PASSED] - Current window maximized

2017-10-31 18:33:49 - [MESSAGE][PASSED] - Delayed 3 second(s)

2017-10-31 18:33:49 - [MESSAGE][PASSED] - Text 'BEP-31Oct2017-36' is set on object 'Object Repository/EngInfo/search'

2017-10-31 18:33:51 - [MESSAGE][PASSED] - Delayed 2 second(s)

2017-10-31 18:33:51 - [MESSAGE][PASSED] - Keys 'ENTER + ' sent to object: 'Object Repository/EngInfo/search'

2017-10-31 18:33:54 - [MESSAGE][PASSED] - Delayed 3 second(s)

2017-10-31 18:33:54 - [MESSAGE][PASSED] - com.helper.commonfunct.utilities.search is PASSED

2017-10-31 18:33:54 - [TEST_STEP][PASSED] - com.helper.commonfunct.BEP_CommonMethod.withdraw: com.helper.commonfunct.BEP_CommonMethod.withdraw is PASSED

2017-10-31 18:33:57 - [MESSAGE][PASSED] - Delayed 3 second(s)

2017-10-31 18:33:57 - [MESSAGE][WARNING] - Timeout '0' is invalid. Using default page load timeout: '30'

2017-10-31 18:33:58 - [MESSAGE][PASSED] - Object: 'Object Repository/otherAction' is clicked on

2017-10-31 18:34:01 - [MESSAGE][PASSED] - Delayed 3 second(s)

2017-10-31 18:34:01 - [MESSAGE][PASSED] - Object: 'Object Repository/BEP/withdraw_link' is clicked on

2017-10-31 18:34:04 - [MESSAGE][PASSED] - Delayed 3 second(s)

2017-10-31 18:34:04 - [MESSAGE][PASSED] - Text 'Testing' is set on object 'Object Repository/BEP/withdraw_notes'

2017-10-31 18:34:07 - [MESSAGE][PASSED] - Delayed 3 second(s)

2017-10-31 18:34:08 - [MESSAGE][PASSED] - Keys 'TAB + ' sent to object: 'Object Repository/BEP/withdraw_notes'

2017-10-31 18:34:11 - [MESSAGE][PASSED] - Delayed 3 second(s)

2017-10-31 18:34:11 - [MESSAGE][PASSED] - Object: 'Object Repository/BEP/withdraw_submit' is clicked on

2017-10-31 18:34:14 - [MESSAGE][PASSED] - Delayed 3 second(s)

2017-10-31 18:34:18 - [MESSAGE][PASSED] - Object: 'Object Repository/Generic/CLOSE_WORK_OBJECT' is clicked on

2017-10-31 18:34:18 - [MESSAGE][PASSED] - com.helper.commonfunct.BEP_CommonMethod.withdraw is PASSED

2017-10-31 18:34:18 - [TEST_STEP][PASSED] - delay: Delayed 3 second(s)

2017-10-31 18:34:21 - [MESSAGE][PASSED] - Delayed 3 second(s)]]></system-out>
         <system-err><![CDATA[]]></system-err>
      </testcase>
      <system-out><![CDATA[2017-10-31 17:52:06 - [TEST_SUITE][FAILED] - BEP: Test Cases/BEP/TC_CreateBEP_EmailOutput_SkipEmail_NOECR FAILED because (of) Unable to verify image 'Object Repository/FRAME1' present (Root cause: com.kms.katalon.core.webui.exception.WebElementNotFoundException: Web element with id: 'Object Repository/FRAME1' located by 'By.xpath: //*[@id = 'PegaGadget1Ifr']' not found)]]></system-out>
      <system-err><![CDATA[2017-10-31 17:52:06 - [TEST_SUITE][FAILED] - BEP: Test Cases/BEP/TC_CreateBEP_EmailOutput_SkipEmail_NOECR FAILED because (of) Unable to verify image 'Object Repository/FRAME1' present (Root cause: com.kms.katalon.core.webui.exception.WebElementNotFoundException: Web element with id: 'Object Repository/FRAME1' located by 'By.xpath: //*[@id = 'PegaGadget1Ifr']' not found)]]></system-err>
   </testsuite>
</testsuites>
